<?xml version="1.0" encoding="UTF-8"?>
<!-- Generated by org.testng.reporters.JUnitXMLReporter -->
<testsuite ignored="28" hostname="GGIPLs-MacBook-Pro-511.local" failures="1" tests="1" name="Default test" time="106.358" errors="0" timestamp="2025-11-03T18:36:14 IST">
  <testcase classname="tests.CATII_III_Test" name="validateTrainerSeesPendingGradingActionAfterTraineeMarksForReview" time="97.07">
    <failure type="java.lang.IndexOutOfBoundsException" message="Index 0 out of bounds for length 0">
      <![CDATA[java.lang.IndexOutOfBoundsException: Index 0 out of bounds for length 0
at java.base/jdk.internal.util.Preconditions.outOfBounds(Preconditions.java:100)
at java.base/jdk.internal.util.Preconditions.outOfBoundsCheckIndex(Preconditions.java:106)
at java.base/jdk.internal.util.Preconditions.checkIndex(Preconditions.java:302)
at java.base/java.util.Objects.checkIndex(Objects.java:385)
at java.base/java.util.ArrayList.get(ArrayList.java:427)
at java.base/jdk.internal.reflect.DirectMethodHandleAccessor.invoke(DirectMethodHandleAccessor.java:103)
at java.base/java.lang.reflect.Method.invoke(Method.java:580)
at org.openqa.selenium.support.pagefactory.internal.LocatingElementListHandler.invoke(LocatingElementListHandler.java:39)
at jdk.proxy2/jdk.proxy2.$Proxy19.get(Unknown Source)
at traineePages.TraineeReviewPage.clickViewButton(TraineeReviewPage.java:95)
at tests.CATII_III_Test.validateTrainerSeesPendingGradingActionAfterTraineeMarksForReview(CATII_III_Test.java:1070)
at java.base/jdk.internal.reflect.DirectMethodHandleAccessor.invoke(DirectMethodHandleAccessor.java:103)
at java.base/java.lang.reflect.Method.invoke(Method.java:580)
at org.testng.internal.invokers.MethodInvocationHelper.invokeMethod(MethodInvocationHelper.java:141)
at org.testng.internal.invokers.TestInvoker.invokeMethod(TestInvoker.java:687)
at org.testng.internal.invokers.TestInvoker.invokeTestMethod(TestInvoker.java:230)
at org.testng.internal.invokers.MethodRunner.runInSequence(MethodRunner.java:63)
at org.testng.internal.invokers.TestInvoker$MethodInvocationAgent.invoke(TestInvoker.java:995)
at org.testng.internal.invokers.TestInvoker.invokeTestMethods(TestInvoker.java:203)
at org.testng.internal.invokers.TestMethodWorker.invokeTestMethods(TestMethodWorker.java:154)
at org.testng.internal.invokers.TestMethodWorker.run(TestMethodWorker.java:134)
at java.base/java.util.ArrayList.forEach(ArrayList.java:1596)
at org.testng.TestRunner.privateRun(TestRunner.java:741)
at org.testng.TestRunner.run(TestRunner.java:616)
at org.testng.SuiteRunner.runTest(SuiteRunner.java:421)
at org.testng.SuiteRunner.runSequentially(SuiteRunner.java:413)
at org.testng.SuiteRunner.privateRun(SuiteRunner.java:373)
at org.testng.SuiteRunner.run(SuiteRunner.java:312)
at org.testng.SuiteRunnerWorker.runSuite(SuiteRunnerWorker.java:52)
at org.testng.SuiteRunnerWorker.run(SuiteRunnerWorker.java:95)
at org.testng.TestNG.runSuitesSequentially(TestNG.java:1274)
at org.testng.TestNG.runSuitesLocally(TestNG.java:1208)
at org.testng.TestNG.runSuites(TestNG.java:1112)
at org.testng.TestNG.run(TestNG.java:1079)
at org.testng.remote.AbstractRemoteTestNG.run(AbstractRemoteTestNG.java:115)
at org.testng.remote.RemoteTestNG.initAndRun(RemoteTestNG.java:293)
at org.testng.remote.RemoteTestNG.main(RemoteTestNG.java:91)
]]>
    </failure>
  </testcase> <!-- validateTrainerSeesPendingGradingActionAfterTraineeMarksForReview -->
  <testcase classname="tests.CATII_III_Test" name="validatePleaseProvideAsignatureFirst" time="0.0">
    <ignored/>
  </testcase> <!-- validatePleaseProvideAsignatureFirst -->
  <testcase classname="tests.CATII_III_Test" name="validateYouHaveSelectedSeatSupportForBothTrainees" time="0.0">
    <ignored/>
  </testcase> <!-- validateYouHaveSelectedSeatSupportForBothTrainees -->
  <testcase classname="tests.CATII_III_Test" name="validateYouMustSelectGeneralInformation" time="0.0">
    <ignored/>
  </testcase> <!-- validateYouMustSelectGeneralInformation -->
  <testcase classname="tests.CATII_III_Test" name="happyPathCAT_II_III_Test" time="0.0">
    <ignored/>
  </testcase> <!-- happyPathCAT_II_III_Test -->
  <testcase classname="tests.CATII_III_Test" name="validateAdminCanApproveFormAfterTraineeAcknowledgement" time="0.0">
    <ignored/>
  </testcase> <!-- validateAdminCanApproveFormAfterTraineeAcknowledgement -->
  <testcase classname="tests.CATII_III_Test" name="validatePleaseSelectCM1ForEitherLHSOrRHS" time="0.0">
    <ignored/>
  </testcase> <!-- validatePleaseSelectCM1ForEitherLHSOrRHS -->
  <testcase classname="tests.CATII_III_Test" name="validatePleaseEnterACommentBeforeSubmitting" time="0.0">
    <ignored/>
  </testcase> <!-- validatePleaseEnterACommentBeforeSubmitting -->
  <testcase classname="tests.CATII_III_Test" name="validateTooFewCompetenciesHaveBeenGradedAtLeast3CompetenciesMustBeGraded" time="0.0">
    <ignored/>
  </testcase> <!-- validateTooFewCompetenciesHaveBeenGradedAtLeast3CompetenciesMustBeGraded -->
  <testcase classname="tests.CATII_III_Test" name="validateReportsDownloadAsZipWhenMultipleCheckboxesSelected" time="0.0">
    <ignored/>
  </testcase> <!-- validateReportsDownloadAsZipWhenMultipleCheckboxesSelected -->
  <testcase classname="tests.CATII_III_Test" name="validateYouMustSelectRightSideOverallAssessment" time="0.0">
    <ignored/>
  </testcase> <!-- validateYouMustSelectRightSideOverallAssessment -->
  <testcase classname="tests.CATII_III_Test" name="validateTraineeCanAcknowledgeSubmittedForm" time="0.0">
    <ignored/>
  </testcase> <!-- validateTraineeCanAcknowledgeSubmittedForm -->
  <testcase classname="tests.CATII_III_Test" name="validateTrainerCanAccessSubmittedFormThroughGradingHistory" time="0.0">
    <ignored/>
  </testcase> <!-- validateTrainerCanAccessSubmittedFormThroughGradingHistory -->
  <testcase classname="tests.CATII_III_Test" name="validateAdminCannotMarkForReviewWithoutComments" time="0.0">
    <ignored/>
  </testcase> <!-- validateAdminCannotMarkForReviewWithoutComments -->
  <testcase classname="tests.CATII_III_Test" name="validatePleaseEnterOrChangeComments" time="0.0">
    <ignored/>
  </testcase> <!-- validatePleaseEnterOrChangeComments -->
  <testcase classname="tests.CATII_III_Test" name="validateTraineeCannotMarkFormForReviewAfterTrainerSubmission" time="0.0">
    <ignored/>
  </testcase> <!-- validateTraineeCannotMarkFormForReviewAfterTrainerSubmission -->
  <testcase classname="tests.CATII_III_Test" name="validateApprovedFormVisibleUnderApprovedDocs" time="0.0">
    <ignored/>
  </testcase> <!-- validateApprovedFormVisibleUnderApprovedDocs -->
  <testcase classname="tests.CATII_III_Test" name="validateYouMustSelectLeftSideOverallAssessment" time="0.0">
    <ignored/>
  </testcase> <!-- validateYouMustSelectLeftSideOverallAssessment -->
  <testcase classname="tests.CATII_III_Test" name="validateReportDownloadAsZipWhenSingleCheckboxSelected" time="0.0">
    <ignored/>
  </testcase> <!-- validateReportDownloadAsZipWhenSingleCheckboxSelected -->
  <testcase classname="tests.CATII_III_Test" name="validatePleaseEnterRegistrationNumber" time="0.0">
    <ignored/>
  </testcase> <!-- validatePleaseEnterRegistrationNumber -->
  <testcase classname="tests.CATII_III_Test" name="validateAdminCanMarkForReviewWithComments" time="0.0">
    <ignored/>
  </testcase> <!-- validateAdminCanMarkForReviewWithComments -->
  <testcase classname="tests.CATII_III_Test" name="validateApprovedFormReportVisibleUnderEFormReports" time="0.0">
    <ignored/>
  </testcase> <!-- validateApprovedFormReportVisibleUnderEFormReports -->
  <testcase classname="tests.CATII_III_Test" name="validateOverallCommentsMandatoryForNotYetCompetentOutcome" time="0.0">
    <ignored/>
  </testcase> <!-- validateOverallCommentsMandatoryForNotYetCompetentOutcome -->
  <testcase classname="tests.CATII_III_Test" name="validatePleaseSelectQualification" time="0.0">
    <ignored/>
  </testcase> <!-- validatePleaseSelectQualification -->
  <testcase classname="tests.CATII_III_Test" name="validateTraineeCanMarkFormForReview" time="0.0">
    <ignored/>
  </testcase> <!-- validateTraineeCanMarkFormForReview -->
  <testcase classname="tests.CATII_III_Test" name="validatePleaseEnterLocation" time="0.0">
    <ignored/>
  </testcase> <!-- validatePleaseEnterLocation -->
  <testcase classname="tests.CATII_III_Test" name="validateTheOverallOutcomeNotYetCompetentHasBeenAssigned" time="0.0">
    <ignored/>
  </testcase> <!-- validateTheOverallOutcomeNotYetCompetentHasBeenAssigned -->
  <testcase classname="tests.CATII_III_Test" name="validateMarkForReviewButtonAbsentAfterTrainerSubmission" time="0.0">
    <ignored/>
  </testcase> <!-- validateMarkForReviewButtonAbsentAfterTrainerSubmission -->
  <testcase classname="tests.CATII_III_Test" name="validateAtLeastOneObservableBehaviourMustBeSelected" time="0.0">
    <ignored/>
  </testcase> <!-- validateAtLeastOneObservableBehaviourMustBeSelected -->
</testsuite> <!-- Default test -->
