<?xml version="1.0" encoding="UTF-8"?>
<!-- Generated by org.testng.reporters.JUnitXMLReporter -->
<testsuite ignored="14" hostname="GGIPLs-MacBook-Pro-408.local" failures="0" tests="1" name="Default test" time="77.927" errors="0" timestamp="2025-10-31T17:08:13 IST">
  <testcase classname="tests.CATII_III_Test" name="validatePleaseProvideAsignatureFirst" time="62.748"/>
  <testcase classname="tests.CATII_III_Test" name="validateTheOverallOutcomeNotYetCompetentHasBeenAssigned" time="0.0">
    <ignored/>
  </testcase> <!-- validateTheOverallOutcomeNotYetCompetentHasBeenAssigned -->
  <testcase classname="tests.CATII_III_Test" name="validateTooFewCompetenciesHaveBeenGradedAtLeast3CompetenciesMustBeGraded" time="0.0">
    <ignored/>
  </testcase> <!-- validateTooFewCompetenciesHaveBeenGradedAtLeast3CompetenciesMustBeGraded -->
  <testcase classname="tests.CATII_III_Test" name="validateYouMustSelectRightSideOverallAssessment" time="0.0">
    <ignored/>
  </testcase> <!-- validateYouMustSelectRightSideOverallAssessment -->
  <testcase classname="tests.CATII_III_Test" name="validateOverallCommentsMandatoryForNotYetCompetentOutcome" time="0.0">
    <ignored/>
  </testcase> <!-- validateOverallCommentsMandatoryForNotYetCompetentOutcome -->
  <testcase classname="tests.CATII_III_Test" name="validatePleaseSelectCM1ForEitherLHSOrRHS" time="0.0">
    <ignored/>
  </testcase> <!-- validatePleaseSelectCM1ForEitherLHSOrRHS -->
  <testcase classname="tests.CATII_III_Test" name="validatePleaseSelectQualification" time="0.0">
    <ignored/>
  </testcase> <!-- validatePleaseSelectQualification -->
  <testcase classname="tests.CATII_III_Test" name="validatePleaseEnterACommentBeforeSubmitting" time="0.0">
    <ignored/>
  </testcase> <!-- validatePleaseEnterACommentBeforeSubmitting -->
  <testcase classname="tests.CATII_III_Test" name="validatePleaseEnterRegistrationNumber" time="0.0">
    <ignored/>
  </testcase> <!-- validatePleaseEnterRegistrationNumber -->
  <testcase classname="tests.CATII_III_Test" name="validatePleaseEnterOrChangeComments" time="0.0">
    <ignored/>
  </testcase> <!-- validatePleaseEnterOrChangeComments -->
  <testcase classname="tests.CATII_III_Test" name="happyPathCAT_II_III_Test" time="0.0">
    <ignored/>
  </testcase> <!-- happyPathCAT_II_III_Test -->
  <testcase classname="tests.CATII_III_Test" name="validateAtLeastOneObservableBehaviourMustBeSelected" time="0.0">
    <ignored/>
  </testcase> <!-- validateAtLeastOneObservableBehaviourMustBeSelected -->
  <testcase classname="tests.CATII_III_Test" name="validatePleaseEnterLocation" time="0.0">
    <ignored/>
  </testcase> <!-- validatePleaseEnterLocation -->
  <testcase classname="tests.CATII_III_Test" name="validateYouMustSelectGeneralInformation" time="0.0">
    <ignored/>
  </testcase> <!-- validateYouMustSelectGeneralInformation -->
  <testcase classname="tests.CATII_III_Test" name="validateYouMustSelectLeftSideOverallAssessment" time="0.0">
    <ignored/>
  </testcase> <!-- validateYouMustSelectLeftSideOverallAssessment -->
</testsuite> <!-- Default test -->
