<?xml version="1.0" encoding="UTF-8"?>
<!-- Generated by org.testng.reporters.JUnitXMLReporter -->
<testsuite ignored="32" hostname="GGIPLs-MacBook-Pro-379.local" failures="0" tests="1" name="Default test" time="222.102" errors="0" timestamp="2025-10-29T15:56:19 IST">
  <testcase classname="tests.PBSTest" name="validateReportDownloadAsZipWhenSingleCheckboxSelected" time="214.29"/>
  <testcase classname="tests.PBSTest" name="validateAtLeastOneOBMustBeSelected" time="0.0">
    <ignored/>
  </testcase> <!-- validateAtLeastOneOBMustBeSelected -->
  <testcase classname="tests.PBSTest" name="validateReportsDownloadAsZipWhenMultipleCheckboxesSelected" time="0.0">
    <ignored/>
  </testcase> <!-- validateReportsDownloadAsZipWhenMultipleCheckboxesSelected -->
  <testcase classname="tests.PBSTest" name="validateManualSectionOfCompetentAndNotYetCompetent" time="0.0">
    <ignored/>
  </testcase> <!-- validateManualSectionOfCompetentAndNotYetCompetent -->
  <testcase classname="tests.PBSTest" name="validateAutoSelectionOfNotYetCompetent" time="0.0">
    <ignored/>
  </testcase> <!-- validateAutoSelectionOfNotYetCompetent -->
  <testcase classname="tests.PBSTest" name="validateYouMustSelectRightSideCATMinimumApproaches" time="0.0">
    <ignored/>
  </testcase> <!-- validateYouMustSelectRightSideCATMinimumApproaches -->
  <testcase classname="tests.PBSTest" name="validateApprovedFormVisibleUnderApprovedDocs" time="0.0">
    <ignored/>
  </testcase> <!-- validateApprovedFormVisibleUnderApprovedDocs -->
  <testcase classname="tests.PBSTest" name="validateYouMustSelectCATMinimumApproaches" time="0.0">
    <ignored/>
  </testcase> <!-- validateYouMustSelectCATMinimumApproaches -->
  <testcase classname="tests.PBSTest" name="validatePleaseProvideASignatureFirst" time="0.0">
    <ignored/>
  </testcase> <!-- validatePleaseProvideASignatureFirst -->
  <testcase classname="tests.PBSTest" name="validatePleaseAddOrChangeComments" time="0.0">
    <ignored/>
  </testcase> <!-- validatePleaseAddOrChangeComments -->
  <testcase classname="tests.PBSTest" name="validatePleaseEnterSimulatorLevel" time="0.0">
    <ignored/>
  </testcase> <!-- validatePleaseEnterSimulatorLevel -->
  <testcase classname="tests.PBSTest" name="validateTrainerCanAccessSubmittedFormThroughGradingHistory" time="0.0">
    <ignored/>
  </testcase> <!-- validateTrainerCanAccessSubmittedFormThroughGradingHistory -->
  <testcase classname="tests.PBSTest" name="validateTraineeCanMarkFormForReview" time="0.0">
    <ignored/>
  </testcase> <!-- validateTraineeCanMarkFormForReview -->
  <testcase classname="tests.PBSTest" name="validateApprovedFormReportVisibleUnderEFormReports" time="0.0">
    <ignored/>
  </testcase> <!-- validateApprovedFormReportVisibleUnderEFormReports -->
  <testcase classname="tests.PBSTest" name="validatePleaseEnterDuration" time="0.0">
    <ignored/>
  </testcase> <!-- validatePleaseEnterDuration -->
  <testcase classname="tests.PBSTest" name="validateAdminCannotMarkForReviewWithoutComments" time="0.0">
    <ignored/>
  </testcase> <!-- validateAdminCannotMarkForReviewWithoutComments -->
  <testcase classname="tests.PBSTest" name="validateAdminCanMarkForReviewWithComments" time="0.0">
    <ignored/>
  </testcase> <!-- validateAdminCanMarkForReviewWithComments -->
  <testcase classname="tests.PBSTest" name="validateYouMustEnterRemarkTextWhenRemarksAreLeftBlankForNotYetCompetent" time="0.0">
    <ignored/>
  </testcase> <!-- validateYouMustEnterRemarkTextWhenRemarksAreLeftBlankForNotYetCompetent -->
  <testcase classname="tests.PBSTest" name="validateYouMustSelectCAT" time="0.0">
    <ignored/>
  </testcase> <!-- validateYouMustSelectCAT -->
  <testcase classname="tests.PBSTest" name="validateYouMustSelectRightSideCAT" time="0.0">
    <ignored/>
  </testcase> <!-- validateYouMustSelectRightSideCAT -->
  <testcase classname="tests.PBSTest" name="e2eHappyPathTestForCommandUpgradeSLF" time="0.0">
    <ignored/>
  </testcase> <!-- e2eHappyPathTestForCommandUpgradeSLF -->
  <testcase classname="tests.PBSTest" name="validateTraineeCannotMarkFormForReviewAfterTrainerSubmission" time="0.0">
    <ignored/>
  </testcase> <!-- validateTraineeCannotMarkFormForReviewAfterTrainerSubmission -->
  <testcase classname="tests.PBSTest" name="validateMarkForReviewButtonAbsentAfterTrainerSubmission" time="0.0">
    <ignored/>
  </testcase> <!-- validateMarkForReviewButtonAbsentAfterTrainerSubmission -->
  <testcase classname="tests.PBSTest" name="validateAdminCanApproveFormAfterTraineeAcknowledgement" time="0.0">
    <ignored/>
  </testcase> <!-- validateAdminCanApproveFormAfterTraineeAcknowledgement -->
  <testcase classname="tests.PBSTest" name="validateYouMustSelectLVTO" time="0.0">
    <ignored/>
  </testcase> <!-- validateYouMustSelectLVTO -->
  <testcase classname="tests.PBSTest" name="validateEnterRegistrationNumber" time="0.0">
    <ignored/>
  </testcase> <!-- validateEnterRegistrationNumber -->
  <testcase classname="tests.PBSTest" name="validatePleaseSelectQualification" time="0.0">
    <ignored/>
  </testcase> <!-- validatePleaseSelectQualification -->
  <testcase classname="tests.PBSTest" name="validateTraineeCanAcknowledgeSubmittedForm" time="0.0">
    <ignored/>
  </testcase> <!-- validateTraineeCanAcknowledgeSubmittedForm -->
  <testcase classname="tests.PBSTest" name="validateAutoSelectionOfCompetent" time="0.0">
    <ignored/>
  </testcase> <!-- validateAutoSelectionOfCompetent -->
  <testcase classname="tests.PBSTest" name="validatePleaseEnterACommentBeforeSubmitting" time="0.0">
    <ignored/>
  </testcase> <!-- validatePleaseEnterACommentBeforeSubmitting -->
  <testcase classname="tests.PBSTest" name="validateTrainerSeesPendingGradingActionAfterTraineeMarksForReview" time="0.0">
    <ignored/>
  </testcase> <!-- validateTrainerSeesPendingGradingActionAfterTraineeMarksForReview -->
  <testcase classname="tests.PBSTest" name="validatePleaseSelectAirCraftType" time="0.0">
    <ignored/>
  </testcase> <!-- validatePleaseSelectAirCraftType -->
  <testcase classname="tests.PBSTest" name="validateYouMustSelectLVTORight" time="0.0">
    <ignored/>
  </testcase> <!-- validateYouMustSelectLVTORight -->
</testsuite> <!-- Default test -->
