<?xml version="1.0" encoding="UTF-8"?>
<!-- Generated by org.testng.reporters.JUnitXMLReporter -->
<testsuite ignored="27" hostname="GGIPLs-MacBook-Pro-217.local" failures="1" tests="1" name="Default test" time="14.059" errors="0" timestamp="2025-09-27T11:15:42 IST">
  <testcase classname="tests.CommandUpGradeSLF" name="validatePleaseEnterDuration" time="5.175">
    <failure type="org.openqa.selenium.TimeoutException" message="Expected condition failed: waiting for visibility of Proxy element for: DefaultElementLocator &amp;apos;By.xpath: //input[@id=&amp;apos;usernameField&amp;apos;]&amp;apos; (tried for 5 second(s) with 500 milliseconds interval)">
      <![CDATA[org.openqa.selenium.TimeoutException: Expected condition failed: waiting for visibility of Proxy element for: DefaultElementLocator 'By.xpath: //input[@id='usernameField']' (tried for 5 second(s) with 500 milliseconds interval)
at org.openqa.selenium.support.ui.WebDriverWait.timeoutException(WebDriverWait.java:84)
at org.openqa.selenium.support.ui.FluentWait.until(FluentWait.java:228)
at utils.SeleniumUtils.waitForVisibility(SeleniumUtils.java:30)
at utils.SeleniumUtils.type(SeleniumUtils.java:52)
at adminPages.BecomeUserPage.sendUserId(BecomeUserPage.java:29)
at tests.CommandUpGradeSLF.validatePleaseEnterDuration(CommandUpGradeSLF.java:82)
at java.base/jdk.internal.reflect.DirectMethodHandleAccessor.invoke(DirectMethodHandleAccessor.java:103)
at java.base/java.lang.reflect.Method.invoke(Method.java:580)
at org.testng.internal.invokers.MethodInvocationHelper.invokeMethod(MethodInvocationHelper.java:141)
at org.testng.internal.invokers.TestInvoker.invokeMethod(TestInvoker.java:687)
at org.testng.internal.invokers.TestInvoker.invokeTestMethod(TestInvoker.java:230)
at org.testng.internal.invokers.MethodRunner.runInSequence(MethodRunner.java:63)
at org.testng.internal.invokers.TestInvoker$MethodInvocationAgent.invoke(TestInvoker.java:995)
at org.testng.internal.invokers.TestInvoker.invokeTestMethods(TestInvoker.java:203)
at org.testng.internal.invokers.TestMethodWorker.invokeTestMethods(TestMethodWorker.java:154)
at org.testng.internal.invokers.TestMethodWorker.run(TestMethodWorker.java:134)
at java.base/java.util.ArrayList.forEach(ArrayList.java:1596)
at org.testng.TestRunner.privateRun(TestRunner.java:741)
at org.testng.TestRunner.run(TestRunner.java:616)
at org.testng.SuiteRunner.runTest(SuiteRunner.java:421)
at org.testng.SuiteRunner.runSequentially(SuiteRunner.java:413)
at org.testng.SuiteRunner.privateRun(SuiteRunner.java:373)
at org.testng.SuiteRunner.run(SuiteRunner.java:312)
at org.testng.SuiteRunnerWorker.runSuite(SuiteRunnerWorker.java:52)
at org.testng.SuiteRunnerWorker.run(SuiteRunnerWorker.java:95)
at org.testng.TestNG.runSuitesSequentially(TestNG.java:1274)
at org.testng.TestNG.runSuitesLocally(TestNG.java:1208)
at org.testng.TestNG.runSuites(TestNG.java:1112)
at org.testng.TestNG.run(TestNG.java:1079)
at org.testng.remote.AbstractRemoteTestNG.run(AbstractRemoteTestNG.java:115)
at org.testng.remote.RemoteTestNG.initAndRun(RemoteTestNG.java:293)
at org.testng.remote.RemoteTestNG.main(RemoteTestNG.java:91)
Caused by: org.openqa.selenium.NoSuchElementException: no such element: Unable to locate element: {"method":"xpath","selector":"//input[@id='usernameField']"}
  (Session info: chrome=140.0.7339.208)
For documentation on this error, please visit: https://www.selenium.dev/documentation/webdriver/troubleshooting/errors#no-such-element-exception
Build info: version: '4.35.0', revision: '1c58e5028b'
System info: os.name: 'Mac OS X', os.arch: 'x86_64', os.version: '15.6.1', java.version: '21.0.7'
Driver info: org.openqa.selenium.chrome.ChromeDriver
Command: [d137e45468df30f65cb3a877bd1f9fba, findElement {using=xpath, value=//input[@id='usernameField']}]
Capabilities {acceptInsecureCerts: false, browserName: chrome, browserVersion: 140.0.7339.208, chrome: {chromedriverVersion: 140.0.7339.207 (17230b545fd..., userDataDir: /var/folders/0r/lq772bg92l3...}, fedcm:accounts: true, goog:chromeOptions: {debuggerAddress: localhost:54760}, networkConnectionEnabled: false, pageLoadStrategy: normal, platformName: mac, proxy: Proxy(), se:cdp: ws://localhost:54760/devtoo..., se:cdpVersion: 140.0.7339.208, setWindowRect: true, strictFileInteractability: false, timeouts: {implicit: 0, pageLoad: 300000, script: 30000}, unhandledPromptBehavior: dismiss and notify, webauthn:extension:credBlob: true, webauthn:extension:largeBlob: true, webauthn:extension:minPinLength: true, webauthn:extension:prf: true, webauthn:virtualAuthenticators: true}
Session ID: d137e45468df30f65cb3a877bd1f9fba
at java.base/jdk.internal.reflect.DirectConstructorHandleAccessor.newInstance(DirectConstructorHandleAccessor.java:62)
at java.base/java.lang.reflect.Constructor.newInstanceWithCaller(Constructor.java:502)
at java.base/java.lang.reflect.Constructor.newInstance(Constructor.java:486)
at org.openqa.selenium.remote.ErrorCodec.decode(ErrorCodec.java:167)
at org.openqa.selenium.remote.codec.w3c.W3CHttpResponseCodec.decode(W3CHttpResponseCodec.java:138)
at org.openqa.selenium.remote.codec.w3c.W3CHttpResponseCodec.decode(W3CHttpResponseCodec.java:50)
at org.openqa.selenium.remote.HttpCommandExecutor.execute(HttpCommandExecutor.java:215)
at org.openqa.selenium.remote.service.DriverCommandExecutor.invokeExecute(DriverCommandExecutor.java:216)
at org.openqa.selenium.remote.service.DriverCommandExecutor.execute(DriverCommandExecutor.java:174)
at org.openqa.selenium.remote.RemoteWebDriver.execute(RemoteWebDriver.java:557)
at org.openqa.selenium.remote.ElementLocation$ElementFinder$2.findElement(ElementLocation.java:165)
at org.openqa.selenium.remote.ElementLocation.findElement(ElementLocation.java:59)
at org.openqa.selenium.remote.RemoteWebDriver.findElement(RemoteWebDriver.java:380)
at org.openqa.selenium.remote.RemoteWebDriver.findElement(RemoteWebDriver.java:374)
at org.openqa.selenium.support.pagefactory.DefaultElementLocator.findElement(DefaultElementLocator.java:68)
at org.openqa.selenium.support.pagefactory.internal.LocatingElementHandler.invoke(LocatingElementHandler.java:38)
at jdk.proxy2/jdk.proxy2.$Proxy18.isDisplayed(Unknown Source)
at org.openqa.selenium.support.ui.ExpectedConditions.elementIfVisible(ExpectedConditions.java:304)
at org.openqa.selenium.support.ui.ExpectedConditions$10.apply(ExpectedConditions.java:290)
at org.openqa.selenium.support.ui.ExpectedConditions$10.apply(ExpectedConditions.java:287)
at org.openqa.selenium.support.ui.FluentWait.until(FluentWait.java:203)
... 30 more
]]>
    </failure>
  </testcase> <!-- validatePleaseEnterDuration -->
  <testcase classname="tests.CommandUpGradeSLF" name="shouldAutoSelectNotYetCompetentForValue1AndHandleOBs" time="0.0">
    <ignored/>
  </testcase> <!-- shouldAutoSelectNotYetCompetentForValue1AndHandleOBs -->
  <testcase classname="tests.CommandUpGradeSLF" name="shouldShowErrorWhenAddingCommentsWithoutSelectingOBs" time="0.0">
    <ignored/>
  </testcase> <!-- shouldShowErrorWhenAddingCommentsWithoutSelectingOBs -->
  <testcase classname="tests.CommandUpGradeSLF" name="validateDataSubmissionPopup" time="0.0">
    <ignored/>
  </testcase> <!-- validateDataSubmissionPopup -->
  <testcase classname="tests.CommandUpGradeSLF" name="shouldAutoSelectCompetentAndDisableNotYetCompetent" time="0.0">
    <ignored/>
  </testcase> <!-- shouldAutoSelectCompetentAndDisableNotYetCompetent -->
  <testcase classname="tests.CommandUpGradeSLF" name="shouldAllowManualSelectionOfCompetentOrNotYetCompetentForValue2" time="0.0">
    <ignored/>
  </testcase> <!-- shouldAllowManualSelectionOfCompetentOrNotYetCompetentForValue2 -->
  <testcase classname="tests.CommandUpGradeSLF" name="shouldShowErrorPopupWhenPMorPFNotSelectedOnSave" time="0.0">
    <ignored/>
  </testcase> <!-- shouldShowErrorPopupWhenPMorPFNotSelectedOnSave -->
  <testcase classname="tests.CommandUpGradeSLF" name="shouldShowErrorPopupWhenNavigatingFromManageSectorsToSyllabusWithoutCompletingFields" time="0.0">
    <ignored/>
  </testcase> <!-- shouldShowErrorPopupWhenNavigatingFromManageSectorsToSyllabusWithoutCompletingFields -->
  <testcase classname="tests.CommandUpGradeSLF" name="shouldShowDeletePopupForMultipleSectors" time="0.0">
    <ignored/>
  </testcase> <!-- shouldShowDeletePopupForMultipleSectors -->
  <testcase classname="tests.CommandUpGradeSLF" name="shouldShowErrorPopupWhenSwitchingFromGradingToOutcomeWithoutSaving" time="0.0">
    <ignored/>
  </testcase> <!-- shouldShowErrorPopupWhenSwitchingFromGradingToOutcomeWithoutSaving -->
  <testcase classname="tests.CommandUpGradeSLF" name="shouldShowErrorPopupWhenRegNoFieldIsEmptyOnSave" time="0.0">
    <ignored/>
  </testcase> <!-- shouldShowErrorPopupWhenRegNoFieldIsEmptyOnSave -->
  <testcase classname="tests.CommandUpGradeSLF" name="verifyDeleteFunctionalityForMultipleSectors" time="0.0">
    <ignored/>
  </testcase> <!-- verifyDeleteFunctionalityForMultipleSectors -->
  <testcase classname="tests.CommandUpGradeSLF" name="shouldShowErrorPopupWhenFromFieldIsEmptyOnSave" time="0.0">
    <ignored/>
  </testcase> <!-- shouldShowErrorPopupWhenFromFieldIsEmptyOnSave -->
  <testcase classname="tests.CommandUpGradeSLF" name="shouldShowErrorWhenDelayCommentIsEmpty" time="0.0">
    <ignored/>
  </testcase> <!-- shouldShowErrorWhenDelayCommentIsEmpty -->
  <testcase classname="tests.CommandUpGradeSLF" name="shouldShowPopupWhenSyllabusToggleIsDefaultOnNext" time="0.0">
    <ignored/>
  </testcase> <!-- shouldShowPopupWhenSyllabusToggleIsDefaultOnNext -->
  <testcase classname="tests.CommandUpGradeSLF" name="shouldShowErrorPopupWhenAircraftTypeFieldIsEmptyOnSave" time="0.0">
    <ignored/>
  </testcase> <!-- shouldShowErrorPopupWhenAircraftTypeFieldIsEmptyOnSave -->
  <testcase classname="tests.CommandUpGradeSLF" name="shouldCloseDelayCommentPopupUsingCloseButtonAndXIcon" time="0.0">
    <ignored/>
  </testcase> <!-- shouldCloseDelayCommentPopupUsingCloseButtonAndXIcon -->
  <testcase classname="tests.CommandUpGradeSLF" name="shouldNotAllowFormSubmissionWhenTotalSectorsExceedsFifteen" time="0.0">
    <ignored/>
  </testcase> <!-- shouldNotAllowFormSubmissionWhenTotalSectorsExceedsFifteen -->
  <testcase classname="tests.CommandUpGradeSLF" name="shouldShowErrorPopupWhenToFieldIsEmptyOnSave" time="0.0">
    <ignored/>
  </testcase> <!-- shouldShowErrorPopupWhenToFieldIsEmptyOnSave -->
  <testcase classname="tests.CommandUpGradeSLF" name="validateMandatoryQualificationDropdown" time="0.0">
    <ignored/>
  </testcase> <!-- validateMandatoryQualificationDropdown -->
  <testcase classname="tests.CommandUpGradeSLF" name="validateCommentRequirementAndRadioSelectionAcrossAllSections" time="0.0">
    <ignored/>
  </testcase> <!-- validateCommentRequirementAndRadioSelectionAcrossAllSections -->
  <testcase classname="tests.CommandUpGradeSLF" name="shouldShowErrorPopupWhenDurationFieldIsEmpty" time="0.0">
    <ignored/>
  </testcase> <!-- shouldShowErrorPopupWhenDurationFieldIsEmpty -->
  <testcase classname="tests.CommandUpGradeSLF" name="shouldNotDeleteOnlyRowInSectorDetails" time="0.0">
    <ignored/>
  </testcase> <!-- shouldNotDeleteOnlyRowInSectorDetails -->
  <testcase classname="tests.CommandUpGradeSLF" name="e2eHappyPathTestForCommandUpgradeSLF" time="0.0">
    <ignored/>
  </testcase> <!-- e2eHappyPathTestForCommandUpgradeSLF -->
  <testcase classname="tests.CommandUpGradeSLF" name="validateMandatoryOverallCommentsForNotYetCompetent" time="0.0">
    <ignored/>
  </testcase> <!-- validateMandatoryOverallCommentsForNotYetCompetent -->
  <testcase classname="tests.CommandUpGradeSLF" name="validateErrorWhenNoCompetentSelectionAfterAddingOBs" time="0.0">
    <ignored/>
  </testcase> <!-- validateErrorWhenNoCompetentSelectionAfterAddingOBs -->
  <testcase classname="tests.CommandUpGradeSLF" name="validateSignCanvas" time="0.0">
    <ignored/>
  </testcase> <!-- validateSignCanvas -->
  <testcase classname="tests.CommandUpGradeSLF" name="shouldAllowNavigationFromSectorsToSyllabusAfterFillingData" time="0.0">
    <ignored/>
  </testcase> <!-- shouldAllowNavigationFromSectorsToSyllabusAfterFillingData -->
</testsuite> <!-- Default test -->
