<?xml version="1.0" encoding="UTF-8"?>
<!-- Generated by org.testng.reporters.JUnitXMLReporter -->
<testsuite ignored="28" hostname="GGIPLs-MacBook-Pro-511.local" failures="1" tests="1" name="Default test" time="47.53" errors="0" timestamp="2025-11-04T18:16:00 IST">
  <testcase classname="tests.CATII_III_Test" name="validateReportsDownloadAsZipWhenMultipleCheckboxesSelected" time="34.809">
    <failure type="org.openqa.selenium.ElementClickInterceptedException" message="element click intercepted: Element &amp;lt;button id=&amp;quot;cat3formButton&amp;quot; type=&amp;quot;button&amp;quot; class=&amp;quot;btn btn-success center-block gb&amp;quot; onclick=&amp;quot;showCheck()&amp;quot; style=&amp;quot;background: #313689; margin-top: 1%; display: inline; margin: auto;&amp;quot;&amp;gt;...&amp;lt;/button&amp;gt; is not clickable at point (953, 615). Other element would receive the click: &amp;lt;div class=&amp;quot;form-group comment&amp;quot;&amp;gt;...&amp;lt;/div&amp;gt;
  (Session info: chrome=142.0.7444.60)
Build info: version: &amp;apos;4.35.0&amp;apos;, revision: &amp;apos;1c58e5028b&amp;apos;
System info: os.name: &amp;apos;Mac OS X&amp;apos;, os.arch: &amp;apos;x86_64&amp;apos;, os.version: &amp;apos;26.0.1&amp;apos;, java.version: &amp;apos;21.0.7&amp;apos;
Driver info: org.openqa.selenium.chrome.ChromeDriver
Command: [2c87c4bc3eab4183f3b083997f281706, clickElement {id=f.946977ED59F5A680224A7C768A122C7B.d.B84BE8939443B235277A0C25F23D273C.e.328}]
Capabilities {acceptInsecureCerts: false, browserName: chrome, browserVersion: 142.0.7444.60, chrome: {chromedriverVersion: 142.0.7444.59 (4b8153ab58d3..., userDataDir: /var/folders/0r/lq772bg92l3...}, fedcm:accounts: true, goog:chromeOptions: {debuggerAddress: localhost:62114}, goog:processID: 9297, networkConnectionEnabled: false, pageLoadStrategy: normal, platformName: mac, proxy: Proxy(), se:cdp: ws://localhost:62114/devtoo..., se:cdpVersion: 142.0.7444.60, setWindowRect: true, strictFileInteractability: false, timeouts: {implicit: 0, pageLoad: 300000, script: 30000}, unhandledPromptBehavior: dismiss and notify, webauthn:extension:credBlob: true, webauthn:extension:largeBlob: true, webauthn:extension:minPinLength: true, webauthn:extension:prf: true, webauthn:virtualAuthenticators: true}
Element: [[ChromeDriver: chrome on mac (2c87c4bc3eab4183f3b083997f281706)] -&amp;gt; xpath: //button[@id=&amp;apos;cat3formButton&amp;apos;]]
Session ID: 2c87c4bc3eab4183f3b083997f281706">
      <![CDATA[org.openqa.selenium.ElementClickInterceptedException: element click intercepted: Element <button id="cat3formButton" type="button" class="btn btn-success center-block gb" onclick="showCheck()" style="background: #313689; margin-top: 1%; display: inline; margin: auto;">...</button> is not clickable at point (953, 615). Other element would receive the click: <div class="form-group comment">...</div>
  (Session info: chrome=142.0.7444.60)
Build info: version: '4.35.0', revision: '1c58e5028b'
System info: os.name: 'Mac OS X', os.arch: 'x86_64', os.version: '26.0.1', java.version: '21.0.7'
Driver info: org.openqa.selenium.chrome.ChromeDriver
Command: [2c87c4bc3eab4183f3b083997f281706, clickElement {id=f.946977ED59F5A680224A7C768A122C7B.d.B84BE8939443B235277A0C25F23D273C.e.328}]
Capabilities {acceptInsecureCerts: false, browserName: chrome, browserVersion: 142.0.7444.60, chrome: {chromedriverVersion: 142.0.7444.59 (4b8153ab58d3..., userDataDir: /var/folders/0r/lq772bg92l3...}, fedcm:accounts: true, goog:chromeOptions: {debuggerAddress: localhost:62114}, goog:processID: 9297, networkConnectionEnabled: false, pageLoadStrategy: normal, platformName: mac, proxy: Proxy(), se:cdp: ws://localhost:62114/devtoo..., se:cdpVersion: 142.0.7444.60, setWindowRect: true, strictFileInteractability: false, timeouts: {implicit: 0, pageLoad: 300000, script: 30000}, unhandledPromptBehavior: dismiss and notify, webauthn:extension:credBlob: true, webauthn:extension:largeBlob: true, webauthn:extension:minPinLength: true, webauthn:extension:prf: true, webauthn:virtualAuthenticators: true}
Element: [[ChromeDriver: chrome on mac (2c87c4bc3eab4183f3b083997f281706)] -> xpath: //button[@id='cat3formButton']]
Session ID: 2c87c4bc3eab4183f3b083997f281706
at java.base/jdk.internal.reflect.DirectConstructorHandleAccessor.newInstance(DirectConstructorHandleAccessor.java:62)
at java.base/java.lang.reflect.Constructor.newInstanceWithCaller(Constructor.java:502)
at java.base/java.lang.reflect.Constructor.newInstance(Constructor.java:486)
at org.openqa.selenium.remote.ErrorCodec.decode(ErrorCodec.java:167)
at org.openqa.selenium.remote.codec.w3c.W3CHttpResponseCodec.decode(W3CHttpResponseCodec.java:138)
at org.openqa.selenium.remote.codec.w3c.W3CHttpResponseCodec.decode(W3CHttpResponseCodec.java:50)
at org.openqa.selenium.remote.HttpCommandExecutor.execute(HttpCommandExecutor.java:215)
at org.openqa.selenium.remote.service.DriverCommandExecutor.invokeExecute(DriverCommandExecutor.java:216)
at org.openqa.selenium.remote.service.DriverCommandExecutor.execute(DriverCommandExecutor.java:174)
at org.openqa.selenium.remote.RemoteWebDriver.execute(RemoteWebDriver.java:557)
at org.openqa.selenium.remote.RemoteWebElement.execute(RemoteWebElement.java:223)
at org.openqa.selenium.remote.RemoteWebElement.click(RemoteWebElement.java:76)
at java.base/jdk.internal.reflect.DirectMethodHandleAccessor.invoke(DirectMethodHandleAccessor.java:103)
at java.base/java.lang.reflect.Method.invoke(Method.java:580)
at org.openqa.selenium.support.pagefactory.internal.LocatingElementHandler.invoke(LocatingElementHandler.java:51)
at jdk.proxy2/jdk.proxy2.$Proxy18.click(Unknown Source)
at utils.SeleniumUtils.click(SeleniumUtils.java:49)
at cat_II_III_Pages.CAT_II_III_TrainingPage.clickSaveAndNextButton(CAT_II_III_TrainingPage.java:55)
at tests.CATII_III_Test.validateReportsDownloadAsZipWhenMultipleCheckboxesSelected(CATII_III_Test.java:2004)
at java.base/jdk.internal.reflect.DirectMethodHandleAccessor.invoke(DirectMethodHandleAccessor.java:103)
at java.base/java.lang.reflect.Method.invoke(Method.java:580)
at org.testng.internal.invokers.MethodInvocationHelper.invokeMethod(MethodInvocationHelper.java:141)
at org.testng.internal.invokers.TestInvoker.invokeMethod(TestInvoker.java:687)
at org.testng.internal.invokers.TestInvoker.invokeTestMethod(TestInvoker.java:230)
at org.testng.internal.invokers.MethodRunner.runInSequence(MethodRunner.java:63)
at org.testng.internal.invokers.TestInvoker$MethodInvocationAgent.invoke(TestInvoker.java:995)
at org.testng.internal.invokers.TestInvoker.invokeTestMethods(TestInvoker.java:203)
at org.testng.internal.invokers.TestMethodWorker.invokeTestMethods(TestMethodWorker.java:154)
at org.testng.internal.invokers.TestMethodWorker.run(TestMethodWorker.java:134)
at java.base/java.util.ArrayList.forEach(ArrayList.java:1596)
at org.testng.TestRunner.privateRun(TestRunner.java:741)
at org.testng.TestRunner.run(TestRunner.java:616)
at org.testng.SuiteRunner.runTest(SuiteRunner.java:421)
at org.testng.SuiteRunner.runSequentially(SuiteRunner.java:413)
at org.testng.SuiteRunner.privateRun(SuiteRunner.java:373)
at org.testng.SuiteRunner.run(SuiteRunner.java:312)
at org.testng.SuiteRunnerWorker.runSuite(SuiteRunnerWorker.java:52)
at org.testng.SuiteRunnerWorker.run(SuiteRunnerWorker.java:95)
at org.testng.TestNG.runSuitesSequentially(TestNG.java:1274)
at org.testng.TestNG.runSuitesLocally(TestNG.java:1208)
at org.testng.TestNG.runSuites(TestNG.java:1112)
at org.testng.TestNG.run(TestNG.java:1079)
at org.testng.remote.AbstractRemoteTestNG.run(AbstractRemoteTestNG.java:115)
at org.testng.remote.RemoteTestNG.initAndRun(RemoteTestNG.java:293)
at org.testng.remote.RemoteTestNG.main(RemoteTestNG.java:91)
]]>
    </failure>
  </testcase> <!-- validateReportsDownloadAsZipWhenMultipleCheckboxesSelected -->
  <testcase classname="tests.CATII_III_Test" name="validatePleaseProvideAsignatureFirst" time="0.0">
    <ignored/>
  </testcase> <!-- validatePleaseProvideAsignatureFirst -->
  <testcase classname="tests.CATII_III_Test" name="validateYouHaveSelectedSeatSupportForBothTrainees" time="0.0">
    <ignored/>
  </testcase> <!-- validateYouHaveSelectedSeatSupportForBothTrainees -->
  <testcase classname="tests.CATII_III_Test" name="validateYouMustSelectGeneralInformation" time="0.0">
    <ignored/>
  </testcase> <!-- validateYouMustSelectGeneralInformation -->
  <testcase classname="tests.CATII_III_Test" name="happyPathCAT_II_III_Test" time="0.0">
    <ignored/>
  </testcase> <!-- happyPathCAT_II_III_Test -->
  <testcase classname="tests.CATII_III_Test" name="validateAdminCanApproveFormAfterTraineeAcknowledgement" time="0.0">
    <ignored/>
  </testcase> <!-- validateAdminCanApproveFormAfterTraineeAcknowledgement -->
  <testcase classname="tests.CATII_III_Test" name="validatePleaseSelectCM1ForEitherLHSOrRHS" time="0.0">
    <ignored/>
  </testcase> <!-- validatePleaseSelectCM1ForEitherLHSOrRHS -->
  <testcase classname="tests.CATII_III_Test" name="validatePleaseEnterACommentBeforeSubmitting" time="0.0">
    <ignored/>
  </testcase> <!-- validatePleaseEnterACommentBeforeSubmitting -->
  <testcase classname="tests.CATII_III_Test" name="validateTooFewCompetenciesHaveBeenGradedAtLeast3CompetenciesMustBeGraded" time="0.0">
    <ignored/>
  </testcase> <!-- validateTooFewCompetenciesHaveBeenGradedAtLeast3CompetenciesMustBeGraded -->
  <testcase classname="tests.CATII_III_Test" name="validateYouMustSelectRightSideOverallAssessment" time="0.0">
    <ignored/>
  </testcase> <!-- validateYouMustSelectRightSideOverallAssessment -->
  <testcase classname="tests.CATII_III_Test" name="validateTraineeCanAcknowledgeSubmittedForm" time="0.0">
    <ignored/>
  </testcase> <!-- validateTraineeCanAcknowledgeSubmittedForm -->
  <testcase classname="tests.CATII_III_Test" name="validateTrainerCanAccessSubmittedFormThroughGradingHistory" time="0.0">
    <ignored/>
  </testcase> <!-- validateTrainerCanAccessSubmittedFormThroughGradingHistory -->
  <testcase classname="tests.CATII_III_Test" name="validateAdminCannotMarkForReviewWithoutComments" time="0.0">
    <ignored/>
  </testcase> <!-- validateAdminCannotMarkForReviewWithoutComments -->
  <testcase classname="tests.CATII_III_Test" name="validatePleaseEnterOrChangeComments" time="0.0">
    <ignored/>
  </testcase> <!-- validatePleaseEnterOrChangeComments -->
  <testcase classname="tests.CATII_III_Test" name="validateTraineeCannotMarkFormForReviewAfterTrainerSubmission" time="0.0">
    <ignored/>
  </testcase> <!-- validateTraineeCannotMarkFormForReviewAfterTrainerSubmission -->
  <testcase classname="tests.CATII_III_Test" name="validateApprovedFormVisibleUnderApprovedDocs" time="0.0">
    <ignored/>
  </testcase> <!-- validateApprovedFormVisibleUnderApprovedDocs -->
  <testcase classname="tests.CATII_III_Test" name="validateYouMustSelectLeftSideOverallAssessment" time="0.0">
    <ignored/>
  </testcase> <!-- validateYouMustSelectLeftSideOverallAssessment -->
  <testcase classname="tests.CATII_III_Test" name="validateReportDownloadAsZipWhenSingleCheckboxSelected" time="0.0">
    <ignored/>
  </testcase> <!-- validateReportDownloadAsZipWhenSingleCheckboxSelected -->
  <testcase classname="tests.CATII_III_Test" name="validatePleaseEnterRegistrationNumber" time="0.0">
    <ignored/>
  </testcase> <!-- validatePleaseEnterRegistrationNumber -->
  <testcase classname="tests.CATII_III_Test" name="validateAdminCanMarkForReviewWithComments" time="0.0">
    <ignored/>
  </testcase> <!-- validateAdminCanMarkForReviewWithComments -->
  <testcase classname="tests.CATII_III_Test" name="validateApprovedFormReportVisibleUnderEFormReports" time="0.0">
    <ignored/>
  </testcase> <!-- validateApprovedFormReportVisibleUnderEFormReports -->
  <testcase classname="tests.CATII_III_Test" name="validateOverallCommentsMandatoryForNotYetCompetentOutcome" time="0.0">
    <ignored/>
  </testcase> <!-- validateOverallCommentsMandatoryForNotYetCompetentOutcome -->
  <testcase classname="tests.CATII_III_Test" name="validatePleaseSelectQualification" time="0.0">
    <ignored/>
  </testcase> <!-- validatePleaseSelectQualification -->
  <testcase classname="tests.CATII_III_Test" name="validateTraineeCanMarkFormForReview" time="0.0">
    <ignored/>
  </testcase> <!-- validateTraineeCanMarkFormForReview -->
  <testcase classname="tests.CATII_III_Test" name="validatePleaseEnterLocation" time="0.0">
    <ignored/>
  </testcase> <!-- validatePleaseEnterLocation -->
  <testcase classname="tests.CATII_III_Test" name="validateTrainerSeesPendingGradingActionAfterTraineeMarksForReview" time="0.0">
    <ignored/>
  </testcase> <!-- validateTrainerSeesPendingGradingActionAfterTraineeMarksForReview -->
  <testcase classname="tests.CATII_III_Test" name="validateTheOverallOutcomeNotYetCompetentHasBeenAssigned" time="0.0">
    <ignored/>
  </testcase> <!-- validateTheOverallOutcomeNotYetCompetentHasBeenAssigned -->
  <testcase classname="tests.CATII_III_Test" name="validateMarkForReviewButtonAbsentAfterTrainerSubmission" time="0.0">
    <ignored/>
  </testcase> <!-- validateMarkForReviewButtonAbsentAfterTrainerSubmission -->
  <testcase classname="tests.CATII_III_Test" name="validateAtLeastOneObservableBehaviourMustBeSelected" time="0.0">
    <ignored/>
  </testcase> <!-- validateAtLeastOneObservableBehaviourMustBeSelected -->
</testsuite> <!-- Default test -->
