<?xml version="1.0" encoding="UTF-8"?>
<!-- Generated by org.testng.reporters.JUnitXMLReporter -->
<testsuite ignored="28" hostname="GGIPLs-MacBook-Pro-336.local" failures="0" tests="1" name="Default test" time="143.492" errors="0" timestamp="2025-10-23T19:04:04 IST">
  <testcase classname="tests.CA40Test" name="validateAdminCanMarkForReviewWithComments" time="132.995"/>
  <testcase classname="tests.CA40Test" name="validateAdminCannotMarkForReviewWithoutComments" time="0.0">
    <ignored/>
  </testcase> <!-- validateAdminCannotMarkForReviewWithoutComments -->
  <testcase classname="tests.CA40Test" name="verifyPleaseSelectSimulatorTypePopupMessage" time="0.0">
    <ignored/>
  </testcase> <!-- verifyPleaseSelectSimulatorTypePopupMessage -->
  <testcase classname="tests.CA40Test" name="verifyPleaseSelectCrewStatusPopupMessage" time="0.0">
    <ignored/>
  </testcase> <!-- verifyPleaseSelectCrewStatusPopupMessage -->
  <testcase classname="tests.CA40Test" name="verifyPleaseSelectSeatOccupiedPopupMessage" time="0.0">
    <ignored/>
  </testcase> <!-- verifyPleaseSelectSeatOccupiedPopupMessage -->
  <testcase classname="tests.CA40Test" name="verifyPleaseSelectTheGradeValuePopupMessage" time="0.0">
    <ignored/>
  </testcase> <!-- verifyPleaseSelectTheGradeValuePopupMessage -->
  <testcase classname="tests.CA40Test" name="validateTraineeCannotMarkFormForReviewAfterTrainerSubmission" time="0.0">
    <ignored/>
  </testcase> <!-- validateTraineeCannotMarkFormForReviewAfterTrainerSubmission -->
  <testcase classname="tests.CA40Test" name="validateReportDownloadAsZipWhenSingleCheckboxSelected" time="0.0">
    <ignored/>
  </testcase> <!-- validateReportDownloadAsZipWhenSingleCheckboxSelected -->
  <testcase classname="tests.CA40Test" name="validateReportsDownloadAsZipWhenMultipleCheckboxesSelected" time="0.0">
    <ignored/>
  </testcase> <!-- validateReportsDownloadAsZipWhenMultipleCheckboxesSelected -->
  <testcase classname="tests.CA40Test" name="validateApprovedFormReportVisibleUnderEFormReports" time="0.0">
    <ignored/>
  </testcase> <!-- validateApprovedFormReportVisibleUnderEFormReports -->
  <testcase classname="tests.CA40Test" name="validateApprovedFormVisibleUnderApprovedDocs" time="0.0">
    <ignored/>
  </testcase> <!-- validateApprovedFormVisibleUnderApprovedDocs -->
  <testcase classname="tests.CA40Test" name="validateMarkForReviewButtonAbsentAfterTrainerSubmission" time="0.0">
    <ignored/>
  </testcase> <!-- validateMarkForReviewButtonAbsentAfterTrainerSubmission -->
  <testcase classname="tests.CA40Test" name="validateAdminCanApproveFormAfterTraineeAcknowledgement" time="0.0">
    <ignored/>
  </testcase> <!-- validateAdminCanApproveFormAfterTraineeAcknowledgement -->
  <testcase classname="tests.CA40Test" name="selectingOBGradeASOneCheckTraineeAutoFail" time="0.0">
    <ignored/>
  </testcase> <!-- selectingOBGradeASOneCheckTraineeAutoFail -->
  <testcase classname="tests.CA40Test" name="verifyYouHaveSelectedNoPopupMessage" time="0.0">
    <ignored/>
  </testcase> <!-- verifyYouHaveSelectedNoPopupMessage -->
  <testcase classname="tests.CA40Test" name="selectingOBGradeASThreeCheckTraineeAutoPass" time="0.0">
    <ignored/>
  </testcase> <!-- selectingOBGradeASThreeCheckTraineeAutoPass -->
  <testcase classname="tests.CA40Test" name="validateTraineeCanMarkFormForReview" time="0.0">
    <ignored/>
  </testcase> <!-- validateTraineeCanMarkFormForReview -->
  <testcase classname="tests.CA40Test" name="verifyPleaseEnterQualificationPopupMessage" time="0.0">
    <ignored/>
  </testcase> <!-- verifyPleaseEnterQualificationPopupMessage -->
  <testcase classname="tests.CA40Test" name="verifyYouMustEnterRemarkPopup" time="0.0">
    <ignored/>
  </testcase> <!-- verifyYouMustEnterRemarkPopup -->
  <testcase classname="tests.CA40Test" name="validateTrainerSeesPendingGradingActionAfterTraineeMarksForReview" time="0.0">
    <ignored/>
  </testcase> <!-- validateTrainerSeesPendingGradingActionAfterTraineeMarksForReview -->
  <testcase classname="tests.CA40Test" name="verifyPeaseProvideASignatureFirstRemarkPopup" time="0.0">
    <ignored/>
  </testcase> <!-- verifyPeaseProvideASignatureFirstRemarkPopup -->
  <testcase classname="tests.CA40Test" name="verifyPleaseEnterRegistrationNumberPopupMessage" time="0.0">
    <ignored/>
  </testcase> <!-- verifyPleaseEnterRegistrationNumberPopupMessage -->
  <testcase classname="tests.CA40Test" name="verifyPleaseSelectTypeOfCheckPopupMessage" time="0.0">
    <ignored/>
  </testcase> <!-- verifyPleaseSelectTypeOfCheckPopupMessage -->
  <testcase classname="tests.CA40Test" name="verifyEnterDelayCommentRemarkPopup" time="0.0">
    <ignored/>
  </testcase> <!-- verifyEnterDelayCommentRemarkPopup -->
  <testcase classname="tests.CA40Test" name="happyPathCA4041Test" time="0.0">
    <ignored/>
  </testcase> <!-- happyPathCA4041Test -->
  <testcase classname="tests.CA40Test" name="validateTraineeCanAcknowledgeSubmittedForm" time="0.0">
    <ignored/>
  </testcase> <!-- validateTraineeCanAcknowledgeSubmittedForm -->
  <testcase classname="tests.CA40Test" name="validateTrainerCanAccessSubmittedFormThroughGradingHistory" time="0.0">
    <ignored/>
  </testcase> <!-- validateTrainerCanAccessSubmittedFormThroughGradingHistory -->
  <testcase classname="tests.CA40Test" name="verifyPleaseSelectDayOrNightPopupMessage" time="0.0">
    <ignored/>
  </testcase> <!-- verifyPleaseSelectDayOrNightPopupMessage -->
  <testcase classname="tests.CA40Test" name="verifyYouMustSelectSeatOccupiedPopupMessage" time="0.0">
    <ignored/>
  </testcase> <!-- verifyYouMustSelectSeatOccupiedPopupMessage -->
</testsuite> <!-- Default test -->
