<?xml version="1.0" encoding="UTF-8"?>
<!-- Generated by org.testng.reporters.JUnitXMLReporter -->
<testsuite ignored="27" hostname="GGIPLs-MacBook-Pro-511.local" failures="0" tests="1" name="Default test" time="165.95" errors="0" timestamp="2025-11-10T14:28:00 IST">
  <testcase classname="tests.ZFTTTest" name="validateReportDownloadAsZipWhenSingleCheckboxSelected" time="156.379"/>
  <testcase classname="tests.ZFTTTest" name="validateTrainerCanAccessSubmittedFormThroughGradingHistory" time="0.0">
    <ignored/>
  </testcase> <!-- validateTrainerCanAccessSubmittedFormThroughGradingHistory -->
  <testcase classname="tests.ZFTTTest" name="validateTrainerSeesPendingGradingActionAfterTraineeMarksForReview" time="0.0">
    <ignored/>
  </testcase> <!-- validateTrainerSeesPendingGradingActionAfterTraineeMarksForReview -->
  <testcase classname="tests.ZFTTTest" name="validateTheOverallOutcomeNotYetCompetentHasBeenAssignedPopup" time="0.0">
    <ignored/>
  </testcase> <!-- validateTheOverallOutcomeNotYetCompetentHasBeenAssignedPopup -->
  <testcase classname="tests.ZFTTTest" name="validatePleaseEnterDurationPopup" time="0.0">
    <ignored/>
  </testcase> <!-- validatePleaseEnterDurationPopup -->
  <testcase classname="tests.ZFTTTest" name="validatePleaseEnterOrChangeCommentsPopup" time="0.0">
    <ignored/>
  </testcase> <!-- validatePleaseEnterOrChangeCommentsPopup -->
  <testcase classname="tests.ZFTTTest" name="validateAdminCanApproveFormAfterTraineeAcknowledgement" time="0.0">
    <ignored/>
  </testcase> <!-- validateAdminCanApproveFormAfterTraineeAcknowledgement -->
  <testcase classname="tests.ZFTTTest" name="validateAutoSelectionOfNotYetCompetentOnSelectingGradeAsOne" time="0.0">
    <ignored/>
  </testcase> <!-- validateAutoSelectionOfNotYetCompetentOnSelectingGradeAsOne -->
  <testcase classname="tests.ZFTTTest" name="validatePleaseEnterRegistrationNumberPopup" time="0.0">
    <ignored/>
  </testcase> <!-- validatePleaseEnterRegistrationNumberPopup -->
  <testcase classname="tests.ZFTTTest" name="validatePleaseSelectSeatOccupiedPopup" time="0.0">
    <ignored/>
  </testcase> <!-- validatePleaseSelectSeatOccupiedPopup -->
  <testcase classname="tests.ZFTTTest" name="validateApprovedFormReportVisibleUnderEFormReports" time="0.0">
    <ignored/>
  </testcase> <!-- validateApprovedFormReportVisibleUnderEFormReports -->
  <testcase classname="tests.ZFTTTest" name="validateReportsDownloadAsZipWhenMultipleCheckboxesSelected" time="0.0">
    <ignored/>
  </testcase> <!-- validateReportsDownloadAsZipWhenMultipleCheckboxesSelected -->
  <testcase classname="tests.ZFTTTest" name="validateAutoSelectionOfCompetentOnSelectingGradeAsThree" time="0.0">
    <ignored/>
  </testcase> <!-- validateAutoSelectionOfCompetentOnSelectingGradeAsThree -->
  <testcase classname="tests.ZFTTTest" name="validateTraineeCanMarkFormForReview" time="0.0">
    <ignored/>
  </testcase> <!-- validateTraineeCanMarkFormForReview -->
  <testcase classname="tests.ZFTTTest" name="validateAdminCannotMarkForReviewWithoutComments" time="0.0">
    <ignored/>
  </testcase> <!-- validateAdminCannotMarkForReviewWithoutComments -->
  <testcase classname="tests.ZFTTTest" name="validatePleaseEnterACommentBeforeSubmittingPopup" time="0.0">
    <ignored/>
  </testcase> <!-- validatePleaseEnterACommentBeforeSubmittingPopup -->
  <testcase classname="tests.ZFTTTest" name="validatePleaseSelectLocationPopup" time="0.0">
    <ignored/>
  </testcase> <!-- validatePleaseSelectLocationPopup -->
  <testcase classname="tests.ZFTTTest" name="validateTraineeCanAcknowledgeSubmittedForm" time="0.0">
    <ignored/>
  </testcase> <!-- validateTraineeCanAcknowledgeSubmittedForm -->
  <testcase classname="tests.ZFTTTest" name="validateAdminCanMarkForReviewWithComments" time="0.0">
    <ignored/>
  </testcase> <!-- validateAdminCanMarkForReviewWithComments -->
  <testcase classname="tests.ZFTTTest" name="validateApprovedFormVisibleUnderApprovedDocs" time="0.0">
    <ignored/>
  </testcase> <!-- validateApprovedFormVisibleUnderApprovedDocs -->
  <testcase classname="tests.ZFTTTest" name="happyPathZFTTTest" time="0.0">
    <ignored/>
  </testcase> <!-- happyPathZFTTTest -->
  <testcase classname="tests.ZFTTTest" name="validatePleaseSelectQualificationPopup" time="0.0">
    <ignored/>
  </testcase> <!-- validatePleaseSelectQualificationPopup -->
  <testcase classname="tests.ZFTTTest" name="validateAtLeastOneObservableBehaviourMustBeSelectedPopup" time="0.0">
    <ignored/>
  </testcase> <!-- validateAtLeastOneObservableBehaviourMustBeSelectedPopup -->
  <testcase classname="tests.ZFTTTest" name="validateMarkForReviewButtonAbsentAfterTrainerSubmission" time="0.0">
    <ignored/>
  </testcase> <!-- validateMarkForReviewButtonAbsentAfterTrainerSubmission -->
  <testcase classname="tests.ZFTTTest" name="validateOverallCommentsMandatoryForNotYetCompetentOutcomePopup" time="0.0">
    <ignored/>
  </testcase> <!-- validateOverallCommentsMandatoryForNotYetCompetentOutcomePopup -->
  <testcase classname="tests.ZFTTTest" name="validatePleaseProvideASignitureFirstPopup" time="0.0">
    <ignored/>
  </testcase> <!-- validatePleaseProvideASignitureFirstPopup -->
  <testcase classname="tests.ZFTTTest" name="validateYouMustSelectOverallAssessmentPopup" time="0.0">
    <ignored/>
  </testcase> <!-- validateYouMustSelectOverallAssessmentPopup -->
  <testcase classname="tests.ZFTTTest" name="validateTraineeCannotMarkFormForReviewAfterTrainerSubmission" time="0.0">
    <ignored/>
  </testcase> <!-- validateTraineeCannotMarkFormForReviewAfterTrainerSubmission -->
</testsuite> <!-- Default test -->
