<?xml version="1.0" encoding="UTF-8"?>
<!-- Generated by org.testng.reporters.JUnitXMLReporter -->
<testsuite ignored="31" hostname="GGIPLs-MacBook-Pro-511.local" failures="0" tests="1" name="Default test" time="174.303" errors="0" timestamp="2025-11-06T15:14:19 IST">
  <testcase classname="tests.BaseTrainingTest" name="validateReportDownloadAsZipWhenSingleCheckboxSelected" time="155.907"/>
  <testcase classname="tests.BaseTrainingTest" name="validatePleaseSelectQualificationPopup" time="0.0">
    <ignored/>
  </testcase> <!-- validatePleaseSelectQualificationPopup -->
  <testcase classname="tests.BaseTrainingTest" name="validatePleaseSelectFromLocationPopup" time="0.0">
    <ignored/>
  </testcase> <!-- validatePleaseSelectFromLocationPopup -->
  <testcase classname="tests.BaseTrainingTest" name="validateReportsDownloadAsZipWhenMultipleCheckboxesSelected" time="0.0">
    <ignored/>
  </testcase> <!-- validateReportsDownloadAsZipWhenMultipleCheckboxesSelected -->
  <testcase classname="tests.BaseTrainingTest" name="validateAdminCanMarkForReviewWithComments" time="0.0">
    <ignored/>
  </testcase> <!-- validateAdminCanMarkForReviewWithComments -->
  <testcase classname="tests.BaseTrainingTest" name="validateTrainerSeesPendingGradingActionAfterTraineeMarksForReview" time="0.0">
    <ignored/>
  </testcase> <!-- validateTrainerSeesPendingGradingActionAfterTraineeMarksForReview -->
  <testcase classname="tests.BaseTrainingTest" name="validateYouMustSelectGeneralInformationPopup" time="0.0">
    <ignored/>
  </testcase> <!-- validateYouMustSelectGeneralInformationPopup -->
  <testcase classname="tests.BaseTrainingTest" name="validateTraineeCanMarkFormForReview" time="0.0">
    <ignored/>
  </testcase> <!-- validateTraineeCanMarkFormForReview -->
  <testcase classname="tests.BaseTrainingTest" name="validateAtLeastOneObservableBehaviourMustBeSelectedPopup" time="0.0">
    <ignored/>
  </testcase> <!-- validateAtLeastOneObservableBehaviourMustBeSelectedPopup -->
  <testcase classname="tests.BaseTrainingTest" name="happyPathCAT_II_III_Test" time="0.0">
    <ignored/>
  </testcase> <!-- happyPathCAT_II_III_Test -->
  <testcase classname="tests.BaseTrainingTest" name="validateAdminCanApproveFormAfterTraineeAcknowledgement" time="0.0">
    <ignored/>
  </testcase> <!-- validateAdminCanApproveFormAfterTraineeAcknowledgement -->
  <testcase classname="tests.BaseTrainingTest" name="validateAutoSelectionOfCompetentOnSelectingGradeAsThree" time="0.0">
    <ignored/>
  </testcase> <!-- validateAutoSelectionOfCompetentOnSelectingGradeAsThree -->
  <testcase classname="tests.BaseTrainingTest" name="validateTheOverallOutcomeNotYetCompetentHasBeenAssignedPopup" time="0.0">
    <ignored/>
  </testcase> <!-- validateTheOverallOutcomeNotYetCompetentHasBeenAssignedPopup -->
  <testcase classname="tests.BaseTrainingTest" name="validatePleaseAddOrChangeCommentsPopup" time="0.0">
    <ignored/>
  </testcase> <!-- validatePleaseAddOrChangeCommentsPopup -->
  <testcase classname="tests.BaseTrainingTest" name="validatePleaseProvideSignatureFirstPopup" time="0.0">
    <ignored/>
  </testcase> <!-- validatePleaseProvideSignatureFirstPopup -->
  <testcase classname="tests.BaseTrainingTest" name="validatePleaseSelectAircraftTypePopup" time="0.0">
    <ignored/>
  </testcase> <!-- validatePleaseSelectAircraftTypePopup -->
  <testcase classname="tests.BaseTrainingTest" name="validateTrainerCanAccessSubmittedFormThroughGradingHistory" time="0.0">
    <ignored/>
  </testcase> <!-- validateTrainerCanAccessSubmittedFormThroughGradingHistory -->
  <testcase classname="tests.BaseTrainingTest" name="validateTraineeCannotMarkFormForReviewAfterTrainerSubmission" time="0.0">
    <ignored/>
  </testcase> <!-- validateTraineeCannotMarkFormForReviewAfterTrainerSubmission -->
  <testcase classname="tests.BaseTrainingTest" name="validatePleaseSelectNumberOfTakeOffsAndLandingsConductedPopup" time="0.0">
    <ignored/>
  </testcase> <!-- validatePleaseSelectNumberOfTakeOffsAndLandingsConductedPopup -->
  <testcase classname="tests.BaseTrainingTest" name="validateApprovedFormReportVisibleUnderEFormReports" time="0.0">
    <ignored/>
  </testcase> <!-- validateApprovedFormReportVisibleUnderEFormReports -->
  <testcase classname="tests.BaseTrainingTest" name="validateAutoSelectionOfNotYetCompetentOnSelectingGradeAsOne" time="0.0">
    <ignored/>
  </testcase> <!-- validateAutoSelectionOfNotYetCompetentOnSelectingGradeAsOne -->
  <testcase classname="tests.BaseTrainingTest" name="validatePleaseEnterRegistrationNumberPopup" time="0.0">
    <ignored/>
  </testcase> <!-- validatePleaseEnterRegistrationNumberPopup -->
  <testcase classname="tests.BaseTrainingTest" name="validateOverallCommentsMandatoryForNotYetCompetentOutcomePopup" time="0.0">
    <ignored/>
  </testcase> <!-- validateOverallCommentsMandatoryForNotYetCompetentOutcomePopup -->
  <testcase classname="tests.BaseTrainingTest" name="validateApprovedFormVisibleUnderApprovedDocs" time="0.0">
    <ignored/>
  </testcase> <!-- validateApprovedFormVisibleUnderApprovedDocs -->
  <testcase classname="tests.BaseTrainingTest" name="validatePleaseSelectSeatOccupiedPopup" time="0.0">
    <ignored/>
  </testcase> <!-- validatePleaseSelectSeatOccupiedPopup -->
  <testcase classname="tests.BaseTrainingTest" name="validatePleaseSelectToLocationPopup" time="0.0">
    <ignored/>
  </testcase> <!-- validatePleaseSelectToLocationPopup -->
  <testcase classname="tests.BaseTrainingTest" name="validateTraineeCanAcknowledgeSubmittedForm" time="0.0">
    <ignored/>
  </testcase> <!-- validateTraineeCanAcknowledgeSubmittedForm -->
  <testcase classname="tests.BaseTrainingTest" name="validateTwoTakeOffsAndLandingsConductedPopup" time="0.0">
    <ignored/>
  </testcase> <!-- validateTwoTakeOffsAndLandingsConductedPopup -->
  <testcase classname="tests.BaseTrainingTest" name="validateMarkForReviewButtonAbsentAfterTrainerSubmission" time="0.0">
    <ignored/>
  </testcase> <!-- validateMarkForReviewButtonAbsentAfterTrainerSubmission -->
  <testcase classname="tests.BaseTrainingTest" name="validateAdminCannotMarkForReviewWithoutComments" time="0.0">
    <ignored/>
  </testcase> <!-- validateAdminCannotMarkForReviewWithoutComments -->
  <testcase classname="tests.BaseTrainingTest" name="validateYouMustSelectOverallAssessmentPopup" time="0.0">
    <ignored/>
  </testcase> <!-- validateYouMustSelectOverallAssessmentPopup -->
  <testcase classname="tests.BaseTrainingTest" name="validatePleaseEnterACommentBeforeSubmittingPopup" time="0.0">
    <ignored/>
  </testcase> <!-- validatePleaseEnterACommentBeforeSubmittingPopup -->
</testsuite> <!-- Default test -->
