<?xml version="1.0" encoding="UTF-8"?>
<!-- Generated by org.testng.reporters.JUnitXMLReporter -->
<testsuite ignored="35" hostname="GGIPLs-MacBook-Pro-217.local" failures="1" tests="1" name="Default test" time="184.086" errors="0" timestamp="2025-10-08T16:36:26 IST">
  <testcase classname="tests.CommandUpGradeSLFTest" name="validateAdminCanMarkForReviewWithComments" time="169.603">
    <failure type="org.openqa.selenium.TimeoutException" message="Expected condition failed: waiting for element to be clickable: [[ChromeDriver: chrome on mac (38621fbc36b3c2c73a3cdce3560471a4)] -&amp;gt; xpath: //button[@id=&amp;apos;home_button_yes&amp;apos;]] (tried for 5 second(s) with 500 milliseconds interval)
Build info: version: &amp;apos;4.35.0&amp;apos;, revision: &amp;apos;1c58e5028b&amp;apos;
System info: os.name: &amp;apos;Mac OS X&amp;apos;, os.arch: &amp;apos;x86_64&amp;apos;, os.version: &amp;apos;15.6.1&amp;apos;, java.version: &amp;apos;21.0.7&amp;apos;
Driver info: org.openqa.selenium.chrome.ChromeDriver
Capabilities {acceptInsecureCerts: false, browserName: chrome, browserVersion: 141.0.7390.54, chrome: {chromedriverVersion: 141.0.7390.65 (b2ec783d2b51..., userDataDir: /var/folders/0r/lq772bg92l3...}, fedcm:accounts: true, goog:chromeOptions: {debuggerAddress: localhost:54945}, networkConnectionEnabled: false, pageLoadStrategy: normal, platformName: mac, proxy: Proxy(), se:cdp: ws://localhost:54945/devtoo..., se:cdpVersion: 141.0.7390.54, setWindowRect: true, strictFileInteractability: false, timeouts: {implicit: 0, pageLoad: 300000, script: 30000}, unhandledPromptBehavior: dismiss and notify, webauthn:extension:credBlob: true, webauthn:extension:largeBlob: true, webauthn:extension:minPinLength: true, webauthn:extension:prf: true, webauthn:virtualAuthenticators: true}
Session ID: 38621fbc36b3c2c73a3cdce3560471a4">
      <![CDATA[org.openqa.selenium.TimeoutException: Expected condition failed: waiting for element to be clickable: [[ChromeDriver: chrome on mac (38621fbc36b3c2c73a3cdce3560471a4)] -> xpath: //button[@id='home_button_yes']] (tried for 5 second(s) with 500 milliseconds interval)
Build info: version: '4.35.0', revision: '1c58e5028b'
System info: os.name: 'Mac OS X', os.arch: 'x86_64', os.version: '15.6.1', java.version: '21.0.7'
Driver info: org.openqa.selenium.chrome.ChromeDriver
Capabilities {acceptInsecureCerts: false, browserName: chrome, browserVersion: 141.0.7390.54, chrome: {chromedriverVersion: 141.0.7390.65 (b2ec783d2b51..., userDataDir: /var/folders/0r/lq772bg92l3...}, fedcm:accounts: true, goog:chromeOptions: {debuggerAddress: localhost:54945}, networkConnectionEnabled: false, pageLoadStrategy: normal, platformName: mac, proxy: Proxy(), se:cdp: ws://localhost:54945/devtoo..., se:cdpVersion: 141.0.7390.54, setWindowRect: true, strictFileInteractability: false, timeouts: {implicit: 0, pageLoad: 300000, script: 30000}, unhandledPromptBehavior: dismiss and notify, webauthn:extension:credBlob: true, webauthn:extension:largeBlob: true, webauthn:extension:minPinLength: true, webauthn:extension:prf: true, webauthn:virtualAuthenticators: true}
Session ID: 38621fbc36b3c2c73a3cdce3560471a4
at org.openqa.selenium.support.ui.WebDriverWait.timeoutException(WebDriverWait.java:84)
at org.openqa.selenium.support.ui.FluentWait.until(FluentWait.java:228)
at utils.SeleniumUtils.waitForClickability(SeleniumUtils.java:37)
at utils.SeleniumUtils.click(SeleniumUtils.java:48)
at adminPages.TrainingManagerReviewPage.clickYesButtonForApprove(TrainingManagerReviewPage.java:157)
at tests.CommandUpGradeSLFTest.validateAdminCanMarkForReviewWithComments(CommandUpGradeSLFTest.java:1426)
at java.base/jdk.internal.reflect.DirectMethodHandleAccessor.invoke(DirectMethodHandleAccessor.java:103)
at java.base/java.lang.reflect.Method.invoke(Method.java:580)
at org.testng.internal.invokers.MethodInvocationHelper.invokeMethod(MethodInvocationHelper.java:141)
at org.testng.internal.invokers.TestInvoker.invokeMethod(TestInvoker.java:687)
at org.testng.internal.invokers.TestInvoker.invokeTestMethod(TestInvoker.java:230)
at org.testng.internal.invokers.MethodRunner.runInSequence(MethodRunner.java:63)
at org.testng.internal.invokers.TestInvoker$MethodInvocationAgent.invoke(TestInvoker.java:995)
at org.testng.internal.invokers.TestInvoker.invokeTestMethods(TestInvoker.java:203)
at org.testng.internal.invokers.TestMethodWorker.invokeTestMethods(TestMethodWorker.java:154)
at org.testng.internal.invokers.TestMethodWorker.run(TestMethodWorker.java:134)
at java.base/java.util.ArrayList.forEach(ArrayList.java:1596)
at org.testng.TestRunner.privateRun(TestRunner.java:741)
at org.testng.TestRunner.run(TestRunner.java:616)
at org.testng.SuiteRunner.runTest(SuiteRunner.java:421)
at org.testng.SuiteRunner.runSequentially(SuiteRunner.java:413)
at org.testng.SuiteRunner.privateRun(SuiteRunner.java:373)
at org.testng.SuiteRunner.run(SuiteRunner.java:312)
at org.testng.SuiteRunnerWorker.runSuite(SuiteRunnerWorker.java:52)
at org.testng.SuiteRunnerWorker.run(SuiteRunnerWorker.java:95)
at org.testng.TestNG.runSuitesSequentially(TestNG.java:1274)
at org.testng.TestNG.runSuitesLocally(TestNG.java:1208)
at org.testng.TestNG.runSuites(TestNG.java:1112)
at org.testng.TestNG.run(TestNG.java:1079)
at org.testng.remote.AbstractRemoteTestNG.run(AbstractRemoteTestNG.java:115)
at org.testng.remote.RemoteTestNG.initAndRun(RemoteTestNG.java:293)
at org.testng.remote.RemoteTestNG.main(RemoteTestNG.java:91)
]]>
    </failure>
  </testcase> <!-- validateAdminCanMarkForReviewWithComments -->
  <testcase classname="tests.CommandUpGradeSLFTest" name="shouldAllowManualSelectionOfCompetentOrNotYetCompetentForValue2" time="0.0">
    <ignored/>
  </testcase> <!-- shouldAllowManualSelectionOfCompetentOrNotYetCompetentForValue2 -->
  <testcase classname="tests.CommandUpGradeSLFTest" name="verifyDeleteFunctionalityForMultipleSectors" time="0.0">
    <ignored/>
  </testcase> <!-- verifyDeleteFunctionalityForMultipleSectors -->
  <testcase classname="tests.CommandUpGradeSLFTest" name="shouldAllowNavigationFromSectorsToSyllabusAfterFillingData" time="0.0">
    <ignored/>
  </testcase> <!-- shouldAllowNavigationFromSectorsToSyllabusAfterFillingData -->
  <testcase classname="tests.CommandUpGradeSLFTest" name="shouldShowErrorWhenAddingCommentsWithoutSelectingOBs" time="0.0">
    <ignored/>
  </testcase> <!-- shouldShowErrorWhenAddingCommentsWithoutSelectingOBs -->
  <testcase classname="tests.CommandUpGradeSLFTest" name="shouldShowErrorPopupWhenSwitchingFromGradingToOutcomeWithoutSaving" time="0.0">
    <ignored/>
  </testcase> <!-- shouldShowErrorPopupWhenSwitchingFromGradingToOutcomeWithoutSaving -->
  <testcase classname="tests.CommandUpGradeSLFTest" name="shouldShowErrorPopupWhenDurationFieldIsEmpty" time="0.0">
    <ignored/>
  </testcase> <!-- shouldShowErrorPopupWhenDurationFieldIsEmpty -->
  <testcase classname="tests.CommandUpGradeSLFTest" name="e2eHappyPathTestForCommandUpgradeSLF" time="0.0">
    <ignored/>
  </testcase> <!-- e2eHappyPathTestForCommandUpgradeSLF -->
  <testcase classname="tests.CommandUpGradeSLFTest" name="validateMandatoryQualificationDropdown" time="0.0">
    <ignored/>
  </testcase> <!-- validateMandatoryQualificationDropdown -->
  <testcase classname="tests.CommandUpGradeSLFTest" name="shouldAutoSelectCompetentAndDisableNotYetCompetent" time="0.0">
    <ignored/>
  </testcase> <!-- shouldAutoSelectCompetentAndDisableNotYetCompetent -->
  <testcase classname="tests.CommandUpGradeSLFTest" name="validateTraineeCanMarkFormForReview" time="0.0">
    <ignored/>
  </testcase> <!-- validateTraineeCanMarkFormForReview -->
  <testcase classname="tests.CommandUpGradeSLFTest" name="validateSignCanvas" time="0.0">
    <ignored/>
  </testcase> <!-- validateSignCanvas -->
  <testcase classname="tests.CommandUpGradeSLFTest" name="validateTrainerCanAccessSubmittedFormThroughGradingHistory" time="0.0">
    <ignored/>
  </testcase> <!-- validateTrainerCanAccessSubmittedFormThroughGradingHistory -->
  <testcase classname="tests.CommandUpGradeSLFTest" name="validatePleaseEnterDuration" time="0.0">
    <ignored/>
  </testcase> <!-- validatePleaseEnterDuration -->
  <testcase classname="tests.CommandUpGradeSLFTest" name="shouldCloseDelayCommentPopupUsingCloseButtonAndXIcon" time="0.0">
    <ignored/>
  </testcase> <!-- shouldCloseDelayCommentPopupUsingCloseButtonAndXIcon -->
  <testcase classname="tests.CommandUpGradeSLFTest" name="shouldShowErrorWhenDelayCommentIsEmpty" time="0.0">
    <ignored/>
  </testcase> <!-- shouldShowErrorWhenDelayCommentIsEmpty -->
  <testcase classname="tests.CommandUpGradeSLFTest" name="validateAdminCanApproveFormAfterTraineeAcknowledgement" time="0.0">
    <ignored/>
  </testcase> <!-- validateAdminCanApproveFormAfterTraineeAcknowledgement -->
  <testcase classname="tests.CommandUpGradeSLFTest" name="validateMandatoryOverallCommentsForNotYetCompetent" time="0.0">
    <ignored/>
  </testcase> <!-- validateMandatoryOverallCommentsForNotYetCompetent -->
  <testcase classname="tests.CommandUpGradeSLFTest" name="validateErrorWhenNoCompetentSelectionAfterAddingOBs" time="0.0">
    <ignored/>
  </testcase> <!-- validateErrorWhenNoCompetentSelectionAfterAddingOBs -->
  <testcase classname="tests.CommandUpGradeSLFTest" name="shouldShowErrorPopupWhenAircraftTypeFieldIsEmptyOnSave" time="0.0">
    <ignored/>
  </testcase> <!-- shouldShowErrorPopupWhenAircraftTypeFieldIsEmptyOnSave -->
  <testcase classname="tests.CommandUpGradeSLFTest" name="validateTraineeCannotMarkFormForReviewAfterTrainerSubmission" time="0.0">
    <ignored/>
  </testcase> <!-- validateTraineeCannotMarkFormForReviewAfterTrainerSubmission -->
  <testcase classname="tests.CommandUpGradeSLFTest" name="validateCommentRequirementAndRadioSelectionAcrossAllSections" time="0.0">
    <ignored/>
  </testcase> <!-- validateCommentRequirementAndRadioSelectionAcrossAllSections -->
  <testcase classname="tests.CommandUpGradeSLFTest" name="shouldShowErrorPopupWhenToFieldIsEmptyOnSave" time="0.0">
    <ignored/>
  </testcase> <!-- shouldShowErrorPopupWhenToFieldIsEmptyOnSave -->
  <testcase classname="tests.CommandUpGradeSLFTest" name="shouldShowDeletePopupForMultipleSectors" time="0.0">
    <ignored/>
  </testcase> <!-- shouldShowDeletePopupForMultipleSectors -->
  <testcase classname="tests.CommandUpGradeSLFTest" name="shouldShowErrorPopupWhenPMorPFNotSelectedOnSave" time="0.0">
    <ignored/>
  </testcase> <!-- shouldShowErrorPopupWhenPMorPFNotSelectedOnSave -->
  <testcase classname="tests.CommandUpGradeSLFTest" name="shouldNotAllowFormSubmissionWhenTotalSectorsExceedsFifteen" time="0.0">
    <ignored/>
  </testcase> <!-- shouldNotAllowFormSubmissionWhenTotalSectorsExceedsFifteen -->
  <testcase classname="tests.CommandUpGradeSLFTest" name="shouldShowErrorPopupWhenRegNoFieldIsEmptyOnSave" time="0.0">
    <ignored/>
  </testcase> <!-- shouldShowErrorPopupWhenRegNoFieldIsEmptyOnSave -->
  <testcase classname="tests.CommandUpGradeSLFTest" name="shouldShowPopupWhenSyllabusToggleIsDefaultOnNext" time="0.0">
    <ignored/>
  </testcase> <!-- shouldShowPopupWhenSyllabusToggleIsDefaultOnNext -->
  <testcase classname="tests.CommandUpGradeSLFTest" name="validateDataSubmissionPopup" time="0.0">
    <ignored/>
  </testcase> <!-- validateDataSubmissionPopup -->
  <testcase classname="tests.CommandUpGradeSLFTest" name="validateTraineeCanAcknowledgeSubmittedForm" time="0.0">
    <ignored/>
  </testcase> <!-- validateTraineeCanAcknowledgeSubmittedForm -->
  <testcase classname="tests.CommandUpGradeSLFTest" name="shouldShowErrorPopupWhenNavigatingFromManageSectorsToSyllabusWithoutCompletingFields" time="0.0">
    <ignored/>
  </testcase> <!-- shouldShowErrorPopupWhenNavigatingFromManageSectorsToSyllabusWithoutCompletingFields -->
  <testcase classname="tests.CommandUpGradeSLFTest" name="shouldNotDeleteOnlyRowInSectorDetails" time="0.0">
    <ignored/>
  </testcase> <!-- shouldNotDeleteOnlyRowInSectorDetails -->
  <testcase classname="tests.CommandUpGradeSLFTest" name="validateTrainerSeesPendingGradingActionAfterTraineeMarksForReview" time="0.0">
    <ignored/>
  </testcase> <!-- validateTrainerSeesPendingGradingActionAfterTraineeMarksForReview -->
  <testcase classname="tests.CommandUpGradeSLFTest" name="validateAdminCannotMarkForReviewWithoutComments" time="0.0">
    <ignored/>
  </testcase> <!-- validateAdminCannotMarkForReviewWithoutComments -->
  <testcase classname="tests.CommandUpGradeSLFTest" name="shouldShowErrorPopupWhenFromFieldIsEmptyOnSave" time="0.0">
    <ignored/>
  </testcase> <!-- shouldShowErrorPopupWhenFromFieldIsEmptyOnSave -->
  <testcase classname="tests.CommandUpGradeSLFTest" name="shouldAutoSelectNotYetCompetentForValue1AndHandleOBs" time="0.0">
    <ignored/>
  </testcase> <!-- shouldAutoSelectNotYetCompetentForValue1AndHandleOBs -->
</testsuite> <!-- Default test -->
