<?xml version="1.0" encoding="UTF-8"?>
<!-- Generated by org.testng.reporters.JUnitXMLReporter -->
<testsuite ignored="32" hostname="GGIPLs-MacBook-Pro-336.local" failures="1" tests="1" name="Default test" time="156.276" errors="0" timestamp="2025-10-28T17:59:30 IST">
  <testcase classname="tests.PBSTest" name="validateTrainerSeesPendingGradingActionAfterTraineeMarksForReview" time="135.731">
    <failure type="org.openqa.selenium.ElementClickInterceptedException" message="element click intercepted: Element &amp;lt;button id=&amp;quot;eventGrading&amp;quot; type=&amp;quot;button&amp;quot; class=&amp;quot;btn btn-success center-block gb&amp;quot; style=&amp;quot;background: #313689; margin-top: 1%; display: inline; margin: auto&amp;quot;&amp;gt;...&amp;lt;/button&amp;gt; is not clickable at point (953, 456). Other element would receive the click: &amp;lt;div id=&amp;quot;preloader&amp;quot; style=&amp;quot;display: block;&amp;quot;&amp;gt;&amp;lt;/div&amp;gt;
  (Session info: chrome=141.0.7390.123)
Build info: version: &amp;apos;4.35.0&amp;apos;, revision: &amp;apos;1c58e5028b&amp;apos;
System info: os.name: &amp;apos;Mac OS X&amp;apos;, os.arch: &amp;apos;x86_64&amp;apos;, os.version: &amp;apos;26.0.1&amp;apos;, java.version: &amp;apos;21.0.7&amp;apos;
Driver info: org.openqa.selenium.chrome.ChromeDriver
Command: [b4880547f7cba3e256778f32e74e112b, clickElement {id=f.B1780B4CC728B76D97CAC3AB33EFC92B.d.9726666A879A257CDFF624284627341E.e.1300}]
Capabilities {acceptInsecureCerts: false, browserName: chrome, browserVersion: 141.0.7390.123, chrome: {chromedriverVersion: 141.0.7390.122 (b477534e7e1..., userDataDir: /var/folders/0r/lq772bg92l3...}, fedcm:accounts: true, goog:chromeOptions: {debuggerAddress: localhost:65149}, networkConnectionEnabled: false, pageLoadStrategy: normal, platformName: mac, proxy: Proxy(), se:cdp: ws://localhost:65149/devtoo..., se:cdpVersion: 141.0.7390.123, setWindowRect: true, strictFileInteractability: false, timeouts: {implicit: 0, pageLoad: 300000, script: 30000}, unhandledPromptBehavior: dismiss and notify, webauthn:extension:credBlob: true, webauthn:extension:largeBlob: true, webauthn:extension:minPinLength: true, webauthn:extension:prf: true, webauthn:virtualAuthenticators: true}
Element: [[ChromeDriver: chrome on mac (b4880547f7cba3e256778f32e74e112b)] -&amp;gt; xpath: //button[@id=&amp;apos;eventGrading&amp;apos;]]
Session ID: b4880547f7cba3e256778f32e74e112b">
      <![CDATA[org.openqa.selenium.ElementClickInterceptedException: element click intercepted: Element <button id="eventGrading" type="button" class="btn btn-success center-block gb" style="background: #313689; margin-top: 1%; display: inline; margin: auto">...</button> is not clickable at point (953, 456). Other element would receive the click: <div id="preloader" style="display: block;"></div>
  (Session info: chrome=141.0.7390.123)
Build info: version: '4.35.0', revision: '1c58e5028b'
System info: os.name: 'Mac OS X', os.arch: 'x86_64', os.version: '26.0.1', java.version: '21.0.7'
Driver info: org.openqa.selenium.chrome.ChromeDriver
Command: [b4880547f7cba3e256778f32e74e112b, clickElement {id=f.B1780B4CC728B76D97CAC3AB33EFC92B.d.9726666A879A257CDFF624284627341E.e.1300}]
Capabilities {acceptInsecureCerts: false, browserName: chrome, browserVersion: 141.0.7390.123, chrome: {chromedriverVersion: 141.0.7390.122 (b477534e7e1..., userDataDir: /var/folders/0r/lq772bg92l3...}, fedcm:accounts: true, goog:chromeOptions: {debuggerAddress: localhost:65149}, networkConnectionEnabled: false, pageLoadStrategy: normal, platformName: mac, proxy: Proxy(), se:cdp: ws://localhost:65149/devtoo..., se:cdpVersion: 141.0.7390.123, setWindowRect: true, strictFileInteractability: false, timeouts: {implicit: 0, pageLoad: 300000, script: 30000}, unhandledPromptBehavior: dismiss and notify, webauthn:extension:credBlob: true, webauthn:extension:largeBlob: true, webauthn:extension:minPinLength: true, webauthn:extension:prf: true, webauthn:virtualAuthenticators: true}
Element: [[ChromeDriver: chrome on mac (b4880547f7cba3e256778f32e74e112b)] -> xpath: //button[@id='eventGrading']]
Session ID: b4880547f7cba3e256778f32e74e112b
at java.base/jdk.internal.reflect.DirectConstructorHandleAccessor.newInstance(DirectConstructorHandleAccessor.java:62)
at java.base/java.lang.reflect.Constructor.newInstanceWithCaller(Constructor.java:502)
at java.base/java.lang.reflect.Constructor.newInstance(Constructor.java:486)
at org.openqa.selenium.remote.ErrorCodec.decode(ErrorCodec.java:167)
at org.openqa.selenium.remote.codec.w3c.W3CHttpResponseCodec.decode(W3CHttpResponseCodec.java:138)
at org.openqa.selenium.remote.codec.w3c.W3CHttpResponseCodec.decode(W3CHttpResponseCodec.java:50)
at org.openqa.selenium.remote.HttpCommandExecutor.execute(HttpCommandExecutor.java:215)
at org.openqa.selenium.remote.service.DriverCommandExecutor.invokeExecute(DriverCommandExecutor.java:216)
at org.openqa.selenium.remote.service.DriverCommandExecutor.execute(DriverCommandExecutor.java:174)
at org.openqa.selenium.remote.RemoteWebDriver.execute(RemoteWebDriver.java:557)
at org.openqa.selenium.remote.RemoteWebElement.execute(RemoteWebElement.java:223)
at org.openqa.selenium.remote.RemoteWebElement.click(RemoteWebElement.java:76)
at java.base/jdk.internal.reflect.DirectMethodHandleAccessor.invoke(DirectMethodHandleAccessor.java:103)
at java.base/java.lang.reflect.Method.invoke(Method.java:580)
at org.openqa.selenium.support.pagefactory.internal.LocatingElementHandler.invoke(LocatingElementHandler.java:51)
at jdk.proxy2/jdk.proxy2.$Proxy18.click(Unknown Source)
at utils.SeleniumUtils.click(SeleniumUtils.java:49)
at practiceBookSessionPages.PracticeBookSessionGradingPage.clickSaveAndNextButton(PracticeBookSessionGradingPage.java:345)
at tests.PBSTest.validateTrainerSeesPendingGradingActionAfterTraineeMarksForReview(PBSTest.java:1050)
at java.base/jdk.internal.reflect.DirectMethodHandleAccessor.invoke(DirectMethodHandleAccessor.java:103)
at java.base/java.lang.reflect.Method.invoke(Method.java:580)
at org.testng.internal.invokers.MethodInvocationHelper.invokeMethod(MethodInvocationHelper.java:141)
at org.testng.internal.invokers.TestInvoker.invokeMethod(TestInvoker.java:687)
at org.testng.internal.invokers.TestInvoker.invokeTestMethod(TestInvoker.java:230)
at org.testng.internal.invokers.MethodRunner.runInSequence(MethodRunner.java:63)
at org.testng.internal.invokers.TestInvoker$MethodInvocationAgent.invoke(TestInvoker.java:995)
at org.testng.internal.invokers.TestInvoker.invokeTestMethods(TestInvoker.java:203)
at org.testng.internal.invokers.TestMethodWorker.invokeTestMethods(TestMethodWorker.java:154)
at org.testng.internal.invokers.TestMethodWorker.run(TestMethodWorker.java:134)
at java.base/java.util.ArrayList.forEach(ArrayList.java:1596)
at org.testng.TestRunner.privateRun(TestRunner.java:741)
at org.testng.TestRunner.run(TestRunner.java:616)
at org.testng.SuiteRunner.runTest(SuiteRunner.java:421)
at org.testng.SuiteRunner.runSequentially(SuiteRunner.java:413)
at org.testng.SuiteRunner.privateRun(SuiteRunner.java:373)
at org.testng.SuiteRunner.run(SuiteRunner.java:312)
at org.testng.SuiteRunnerWorker.runSuite(SuiteRunnerWorker.java:52)
at org.testng.SuiteRunnerWorker.run(SuiteRunnerWorker.java:95)
at org.testng.TestNG.runSuitesSequentially(TestNG.java:1274)
at org.testng.TestNG.runSuitesLocally(TestNG.java:1208)
at org.testng.TestNG.runSuites(TestNG.java:1112)
at org.testng.TestNG.run(TestNG.java:1079)
at org.testng.remote.AbstractRemoteTestNG.run(AbstractRemoteTestNG.java:115)
at org.testng.remote.RemoteTestNG.initAndRun(RemoteTestNG.java:293)
at org.testng.remote.RemoteTestNG.main(RemoteTestNG.java:91)
]]>
    </failure>
  </testcase> <!-- validateTrainerSeesPendingGradingActionAfterTraineeMarksForReview -->
  <testcase classname="tests.PBSTest" name="validateAtLeastOneOBMustBeSelected" time="0.0">
    <ignored/>
  </testcase> <!-- validateAtLeastOneOBMustBeSelected -->
  <testcase classname="tests.PBSTest" name="validateReportsDownloadAsZipWhenMultipleCheckboxesSelected" time="0.0">
    <ignored/>
  </testcase> <!-- validateReportsDownloadAsZipWhenMultipleCheckboxesSelected -->
  <testcase classname="tests.PBSTest" name="validateManualSectionOfCompetentAndNotYetCompetent" time="0.0">
    <ignored/>
  </testcase> <!-- validateManualSectionOfCompetentAndNotYetCompetent -->
  <testcase classname="tests.PBSTest" name="validateAutoSelectionOfNotYetCompetent" time="0.0">
    <ignored/>
  </testcase> <!-- validateAutoSelectionOfNotYetCompetent -->
  <testcase classname="tests.PBSTest" name="validateYouMustSelectRightSideCATMinimumApproaches" time="0.0">
    <ignored/>
  </testcase> <!-- validateYouMustSelectRightSideCATMinimumApproaches -->
  <testcase classname="tests.PBSTest" name="validateApprovedFormVisibleUnderApprovedDocs" time="0.0">
    <ignored/>
  </testcase> <!-- validateApprovedFormVisibleUnderApprovedDocs -->
  <testcase classname="tests.PBSTest" name="validateYouMustSelectCATMinimumApproaches" time="0.0">
    <ignored/>
  </testcase> <!-- validateYouMustSelectCATMinimumApproaches -->
  <testcase classname="tests.PBSTest" name="validatePleaseProvideASignatureFirst" time="0.0">
    <ignored/>
  </testcase> <!-- validatePleaseProvideASignatureFirst -->
  <testcase classname="tests.PBSTest" name="validatePleaseAddOrChangeComments" time="0.0">
    <ignored/>
  </testcase> <!-- validatePleaseAddOrChangeComments -->
  <testcase classname="tests.PBSTest" name="validatePleaseEnterSimulatorLevel" time="0.0">
    <ignored/>
  </testcase> <!-- validatePleaseEnterSimulatorLevel -->
  <testcase classname="tests.PBSTest" name="validateTrainerCanAccessSubmittedFormThroughGradingHistory" time="0.0">
    <ignored/>
  </testcase> <!-- validateTrainerCanAccessSubmittedFormThroughGradingHistory -->
  <testcase classname="tests.PBSTest" name="validateTraineeCanMarkFormForReview" time="0.0">
    <ignored/>
  </testcase> <!-- validateTraineeCanMarkFormForReview -->
  <testcase classname="tests.PBSTest" name="validateApprovedFormReportVisibleUnderEFormReports" time="0.0">
    <ignored/>
  </testcase> <!-- validateApprovedFormReportVisibleUnderEFormReports -->
  <testcase classname="tests.PBSTest" name="validatePleaseEnterDuration" time="0.0">
    <ignored/>
  </testcase> <!-- validatePleaseEnterDuration -->
  <testcase classname="tests.PBSTest" name="validateAdminCannotMarkForReviewWithoutComments" time="0.0">
    <ignored/>
  </testcase> <!-- validateAdminCannotMarkForReviewWithoutComments -->
  <testcase classname="tests.PBSTest" name="validateAdminCanMarkForReviewWithComments" time="0.0">
    <ignored/>
  </testcase> <!-- validateAdminCanMarkForReviewWithComments -->
  <testcase classname="tests.PBSTest" name="validateYouMustEnterRemarkTextWhenRemarksAreLeftBlankForNotYetCompetent" time="0.0">
    <ignored/>
  </testcase> <!-- validateYouMustEnterRemarkTextWhenRemarksAreLeftBlankForNotYetCompetent -->
  <testcase classname="tests.PBSTest" name="validateYouMustSelectCAT" time="0.0">
    <ignored/>
  </testcase> <!-- validateYouMustSelectCAT -->
  <testcase classname="tests.PBSTest" name="validateYouMustSelectRightSideCAT" time="0.0">
    <ignored/>
  </testcase> <!-- validateYouMustSelectRightSideCAT -->
  <testcase classname="tests.PBSTest" name="validateReportDownloadAsZipWhenSingleCheckboxSelected" time="0.0">
    <ignored/>
  </testcase> <!-- validateReportDownloadAsZipWhenSingleCheckboxSelected -->
  <testcase classname="tests.PBSTest" name="e2eHappyPathTestForCommandUpgradeSLF" time="0.0">
    <ignored/>
  </testcase> <!-- e2eHappyPathTestForCommandUpgradeSLF -->
  <testcase classname="tests.PBSTest" name="validateTraineeCannotMarkFormForReviewAfterTrainerSubmission" time="0.0">
    <ignored/>
  </testcase> <!-- validateTraineeCannotMarkFormForReviewAfterTrainerSubmission -->
  <testcase classname="tests.PBSTest" name="validateMarkForReviewButtonAbsentAfterTrainerSubmission" time="0.0">
    <ignored/>
  </testcase> <!-- validateMarkForReviewButtonAbsentAfterTrainerSubmission -->
  <testcase classname="tests.PBSTest" name="validateAdminCanApproveFormAfterTraineeAcknowledgement" time="0.0">
    <ignored/>
  </testcase> <!-- validateAdminCanApproveFormAfterTraineeAcknowledgement -->
  <testcase classname="tests.PBSTest" name="validateYouMustSelectLVTO" time="0.0">
    <ignored/>
  </testcase> <!-- validateYouMustSelectLVTO -->
  <testcase classname="tests.PBSTest" name="validateEnterRegistrationNumber" time="0.0">
    <ignored/>
  </testcase> <!-- validateEnterRegistrationNumber -->
  <testcase classname="tests.PBSTest" name="validatePleaseSelectQualification" time="0.0">
    <ignored/>
  </testcase> <!-- validatePleaseSelectQualification -->
  <testcase classname="tests.PBSTest" name="validateTraineeCanAcknowledgeSubmittedForm" time="0.0">
    <ignored/>
  </testcase> <!-- validateTraineeCanAcknowledgeSubmittedForm -->
  <testcase classname="tests.PBSTest" name="validateAutoSelectionOfCompetent" time="0.0">
    <ignored/>
  </testcase> <!-- validateAutoSelectionOfCompetent -->
  <testcase classname="tests.PBSTest" name="validatePleaseEnterACommentBeforeSubmitting" time="0.0">
    <ignored/>
  </testcase> <!-- validatePleaseEnterACommentBeforeSubmitting -->
  <testcase classname="tests.PBSTest" name="validatePleaseSelectAirCraftType" time="0.0">
    <ignored/>
  </testcase> <!-- validatePleaseSelectAirCraftType -->
  <testcase classname="tests.PBSTest" name="validateYouMustSelectLVTORight" time="0.0">
    <ignored/>
  </testcase> <!-- validateYouMustSelectLVTORight -->
</testsuite> <!-- Default test -->
