<?xml version="1.0" encoding="UTF-8"?>
<!-- Generated by org.testng.reporters.JUnitXMLReporter -->
<testsuite ignored="36" hostname="GGIPLs-MacBook-Pro-217.local" failures="0" tests="1" name="Default test" time="155.515" errors="0" timestamp="2025-10-09T12:00:51 IST">
  <testcase classname="tests.CommandUpGradeSLFTest" name="validateMarkForReviewButtonAbsentAfterTrainerSubmission" time="136.068"/>
  <testcase classname="tests.CommandUpGradeSLFTest" name="shouldShowErrorPopupWhenNavigatingFromManageSectorsToSyllabusWithoutCompletingFields" time="0.0">
    <ignored/>
  </testcase> <!-- shouldShowErrorPopupWhenNavigatingFromManageSectorsToSyllabusWithoutCompletingFields -->
  <testcase classname="tests.CommandUpGradeSLFTest" name="shouldShowErrorWhenAddingCommentsWithoutSelectingOBs" time="0.0">
    <ignored/>
  </testcase> <!-- shouldShowErrorWhenAddingCommentsWithoutSelectingOBs -->
  <testcase classname="tests.CommandUpGradeSLFTest" name="shouldNotDeleteOnlyRowInSectorDetails" time="0.0">
    <ignored/>
  </testcase> <!-- shouldNotDeleteOnlyRowInSectorDetails -->
  <testcase classname="tests.CommandUpGradeSLFTest" name="shouldAutoSelectNotYetCompetentForValue1AndHandleOBs" time="0.0">
    <ignored/>
  </testcase> <!-- shouldAutoSelectNotYetCompetentForValue1AndHandleOBs -->
  <testcase classname="tests.CommandUpGradeSLFTest" name="shouldAllowManualSelectionOfCompetentOrNotYetCompetentForValue2" time="0.0">
    <ignored/>
  </testcase> <!-- shouldAllowManualSelectionOfCompetentOrNotYetCompetentForValue2 -->
  <testcase classname="tests.CommandUpGradeSLFTest" name="shouldShowErrorPopupWhenDurationFieldIsEmpty" time="0.0">
    <ignored/>
  </testcase> <!-- shouldShowErrorPopupWhenDurationFieldIsEmpty -->
  <testcase classname="tests.CommandUpGradeSLFTest" name="verifyDeleteFunctionalityForMultipleSectors" time="0.0">
    <ignored/>
  </testcase> <!-- verifyDeleteFunctionalityForMultipleSectors -->
  <testcase classname="tests.CommandUpGradeSLFTest" name="shouldAllowNavigationFromSectorsToSyllabusAfterFillingData" time="0.0">
    <ignored/>
  </testcase> <!-- shouldAllowNavigationFromSectorsToSyllabusAfterFillingData -->
  <testcase classname="tests.CommandUpGradeSLFTest" name="e2eHappyPathTestForCommandUpgradeSLF" time="0.0">
    <ignored/>
  </testcase> <!-- e2eHappyPathTestForCommandUpgradeSLF -->
  <testcase classname="tests.CommandUpGradeSLFTest" name="shouldShowDeletePopupForMultipleSectors" time="0.0">
    <ignored/>
  </testcase> <!-- shouldShowDeletePopupForMultipleSectors -->
  <testcase classname="tests.CommandUpGradeSLFTest" name="validateTrainerSeesPendingGradingActionAfterTraineeMarksForReview" time="0.0">
    <ignored/>
  </testcase> <!-- validateTrainerSeesPendingGradingActionAfterTraineeMarksForReview -->
  <testcase classname="tests.CommandUpGradeSLFTest" name="shouldShowErrorPopupWhenSwitchingFromGradingToOutcomeWithoutSaving" time="0.0">
    <ignored/>
  </testcase> <!-- shouldShowErrorPopupWhenSwitchingFromGradingToOutcomeWithoutSaving -->
  <testcase classname="tests.CommandUpGradeSLFTest" name="validateCommentRequirementAndRadioSelectionAcrossAllSections" time="0.0">
    <ignored/>
  </testcase> <!-- validateCommentRequirementAndRadioSelectionAcrossAllSections -->
  <testcase classname="tests.CommandUpGradeSLFTest" name="shouldShowPopupWhenSyllabusToggleIsDefaultOnNext" time="0.0">
    <ignored/>
  </testcase> <!-- shouldShowPopupWhenSyllabusToggleIsDefaultOnNext -->
  <testcase classname="tests.CommandUpGradeSLFTest" name="shouldShowErrorPopupWhenAircraftTypeFieldIsEmptyOnSave" time="0.0">
    <ignored/>
  </testcase> <!-- shouldShowErrorPopupWhenAircraftTypeFieldIsEmptyOnSave -->
  <testcase classname="tests.CommandUpGradeSLFTest" name="shouldShowErrorPopupWhenFromFieldIsEmptyOnSave" time="0.0">
    <ignored/>
  </testcase> <!-- shouldShowErrorPopupWhenFromFieldIsEmptyOnSave -->
  <testcase classname="tests.CommandUpGradeSLFTest" name="validateTraineeCannotMarkFormForReviewAfterTrainerSubmission" time="0.0">
    <ignored/>
  </testcase> <!-- validateTraineeCannotMarkFormForReviewAfterTrainerSubmission -->
  <testcase classname="tests.CommandUpGradeSLFTest" name="shouldShowErrorPopupWhenRegNoFieldIsEmptyOnSave" time="0.0">
    <ignored/>
  </testcase> <!-- shouldShowErrorPopupWhenRegNoFieldIsEmptyOnSave -->
  <testcase classname="tests.CommandUpGradeSLFTest" name="shouldNotAllowFormSubmissionWhenTotalSectorsExceedsFifteen" time="0.0">
    <ignored/>
  </testcase> <!-- shouldNotAllowFormSubmissionWhenTotalSectorsExceedsFifteen -->
  <testcase classname="tests.CommandUpGradeSLFTest" name="validateAdminCannotMarkForReviewWithoutComments" time="0.0">
    <ignored/>
  </testcase> <!-- validateAdminCannotMarkForReviewWithoutComments -->
  <testcase classname="tests.CommandUpGradeSLFTest" name="validateTraineeCanAcknowledgeSubmittedForm" time="0.0">
    <ignored/>
  </testcase> <!-- validateTraineeCanAcknowledgeSubmittedForm -->
  <testcase classname="tests.CommandUpGradeSLFTest" name="validateAdminCanApproveFormAfterTraineeAcknowledgement" time="0.0">
    <ignored/>
  </testcase> <!-- validateAdminCanApproveFormAfterTraineeAcknowledgement -->
  <testcase classname="tests.CommandUpGradeSLFTest" name="validateAdminCanMarkForReviewWithComments" time="0.0">
    <ignored/>
  </testcase> <!-- validateAdminCanMarkForReviewWithComments -->
  <testcase classname="tests.CommandUpGradeSLFTest" name="validateTraineeCanMarkFormForReview" time="0.0">
    <ignored/>
  </testcase> <!-- validateTraineeCanMarkFormForReview -->
  <testcase classname="tests.CommandUpGradeSLFTest" name="shouldShowErrorWhenDelayCommentIsEmpty" time="0.0">
    <ignored/>
  </testcase> <!-- shouldShowErrorWhenDelayCommentIsEmpty -->
  <testcase classname="tests.CommandUpGradeSLFTest" name="validateMandatoryOverallCommentsForNotYetCompetent" time="0.0">
    <ignored/>
  </testcase> <!-- validateMandatoryOverallCommentsForNotYetCompetent -->
  <testcase classname="tests.CommandUpGradeSLFTest" name="validateErrorWhenNoCompetentSelectionAfterAddingOBs" time="0.0">
    <ignored/>
  </testcase> <!-- validateErrorWhenNoCompetentSelectionAfterAddingOBs -->
  <testcase classname="tests.CommandUpGradeSLFTest" name="validateDataSubmissionPopup" time="0.0">
    <ignored/>
  </testcase> <!-- validateDataSubmissionPopup -->
  <testcase classname="tests.CommandUpGradeSLFTest" name="shouldShowErrorPopupWhenPMorPFNotSelectedOnSave" time="0.0">
    <ignored/>
  </testcase> <!-- shouldShowErrorPopupWhenPMorPFNotSelectedOnSave -->
  <testcase classname="tests.CommandUpGradeSLFTest" name="shouldShowErrorPopupWhenToFieldIsEmptyOnSave" time="0.0">
    <ignored/>
  </testcase> <!-- shouldShowErrorPopupWhenToFieldIsEmptyOnSave -->
  <testcase classname="tests.CommandUpGradeSLFTest" name="validatePleaseEnterDuration" time="0.0">
    <ignored/>
  </testcase> <!-- validatePleaseEnterDuration -->
  <testcase classname="tests.CommandUpGradeSLFTest" name="validateTrainerCanAccessSubmittedFormThroughGradingHistory" time="0.0">
    <ignored/>
  </testcase> <!-- validateTrainerCanAccessSubmittedFormThroughGradingHistory -->
  <testcase classname="tests.CommandUpGradeSLFTest" name="validateSignCanvas" time="0.0">
    <ignored/>
  </testcase> <!-- validateSignCanvas -->
  <testcase classname="tests.CommandUpGradeSLFTest" name="shouldCloseDelayCommentPopupUsingCloseButtonAndXIcon" time="0.0">
    <ignored/>
  </testcase> <!-- shouldCloseDelayCommentPopupUsingCloseButtonAndXIcon -->
  <testcase classname="tests.CommandUpGradeSLFTest" name="validateMandatoryQualificationDropdown" time="0.0">
    <ignored/>
  </testcase> <!-- validateMandatoryQualificationDropdown -->
  <testcase classname="tests.CommandUpGradeSLFTest" name="shouldAutoSelectCompetentAndDisableNotYetCompetent" time="0.0">
    <ignored/>
  </testcase> <!-- shouldAutoSelectCompetentAndDisableNotYetCompetent -->
</testsuite> <!-- Default test -->
