<?xml version="1.0" encoding="UTF-8"?>
<testng-results ignored="0" total="1" passed="1" failed="0" skipped="0">
  <reporter-output>
  </reporter-output>
  <suite started-at="2025-10-31T12:13:46 IST" name="Default suite" finished-at="2025-10-31T12:15:38 IST" duration-ms="111610">
    <groups>
    </groups>
    <test started-at="2025-10-31T12:13:46 IST" name="Default test" finished-at="2025-10-31T12:15:38 IST" duration-ms="111610">
      <class name="tests.CATII_III_Test">
        <test-method is-config="true" signature="setUpExtent()[pri:0, instance:tests.CATII_III_Test@55b0dcab]" started-at="2025-10-31T12:13:46 IST" name="setUpExtent" finished-at="2025-10-31T12:13:46 IST" duration-ms="155" status="PASS">
          <reporter-output>
          </reporter-output>
        </test-method> <!-- setUpExtent -->
        <test-method is-config="true" signature="setUp(java.lang.String,java.lang.String)[pri:0, instance:tests.CATII_III_Test@55b0dcab]" started-at="2025-10-31T12:13:46 IST" name="setUp" finished-at="2025-10-31T12:13:57 IST" duration-ms="11129" status="PASS">
          <params>
            <param index="0">
              <value>
                <![CDATA[chrome]]>
              </value>
            </param>
            <param index="1">
              <value>
                <![CDATA[false]]>
              </value>
            </param>
          </params>
          <reporter-output>
          </reporter-output>
        </test-method> <!-- setUp -->
        <test-method is-config="true" signature="initPages()[pri:0, instance:tests.CATII_III_Test@55b0dcab]" started-at="2025-10-31T12:13:57 IST" name="initPages" finished-at="2025-10-31T12:13:57 IST" duration-ms="125" status="PASS">
          <reporter-output>
          </reporter-output>
        </test-method> <!-- initPages -->
        <test-method signature="happyPathCAT_II_III_Test()[pri:0, instance:tests.CATII_III_Test@55b0dcab]" started-at="2025-10-31T12:13:57 IST" name="happyPathCAT_II_III_Test" description="CAT II III Form e2e Happy Path test case" finished-at="2025-10-31T12:15:37 IST" duration-ms="99854" status="PASS">
          <reporter-output>
          </reporter-output>
        </test-method> <!-- happyPathCAT_II_III_Test -->
        <test-method is-config="true" signature="tearDown(org.testng.ITestResult)[pri:0, instance:tests.CATII_III_Test@55b0dcab]" started-at="2025-10-31T12:15:37 IST" name="tearDown" finished-at="2025-10-31T12:15:38 IST" duration-ms="481" status="PASS">
          <params>
            <param index="0">
              <value>
                <![CDATA[[TestResult name=happyPathCAT_II_III_Test status=SUCCESS method=CATII_III_Test.happyPathCAT_II_III_Test()[pri:0, instance:tests.CATII_III_Test@55b0dcab] output={null}]]]>
              </value>
            </param>
          </params>
          <reporter-output>
          </reporter-output>
        </test-method> <!-- tearDown -->
        <test-method is-config="true" signature="tearDownExtent()[pri:0, instance:tests.CATII_III_Test@55b0dcab]" started-at="2025-10-31T12:15:38 IST" name="tearDownExtent" finished-at="2025-10-31T12:15:38 IST" duration-ms="195" status="PASS">
          <reporter-output>
          </reporter-output>
        </test-method> <!-- tearDownExtent -->
      </class> <!-- tests.CATII_III_Test -->
    </test> <!-- Default test -->
  </suite> <!-- Default suite -->
</testng-results>
