<?xml version="1.0" encoding="UTF-8"?>
<testng-results ignored="36" total="37" passed="1" failed="0" skipped="0">
  <reporter-output>
  </reporter-output>
  <suite started-at="2025-10-09T11:58:16 IST" name="Default suite" finished-at="2025-10-09T12:00:51 IST" duration-ms="155515">
    <groups>
    </groups>
    <test started-at="2025-10-09T11:58:16 IST" name="Default test" finished-at="2025-10-09T12:00:51 IST" duration-ms="155515">
      <class name="tests.CommandUpGradeSLFTest">
        <test-method is-config="true" signature="setUpExtent()[pri:0, instance:tests.CommandUpGradeSLFTest@48974e45]" started-at="2025-10-09T11:58:15 IST" name="setUpExtent" finished-at="2025-10-09T11:58:16 IST" duration-ms="324" status="PASS">
          <reporter-output>
          </reporter-output>
        </test-method> <!-- setUpExtent -->
        <test-method is-config="true" signature="setUp(java.lang.String,java.lang.String)[pri:0, instance:tests.CommandUpGradeSLFTest@48974e45]" started-at="2025-10-09T11:58:16 IST" name="setUp" finished-at="2025-10-09T11:58:34 IST" duration-ms="18743" status="PASS">
          <params>
            <param index="0">
              <value>
                <![CDATA[chrome]]>
              </value>
            </param>
            <param index="1">
              <value>
                <![CDATA[false]]>
              </value>
            </param>
          </params>
          <reporter-output>
          </reporter-output>
        </test-method> <!-- setUp -->
        <test-method is-config="true" signature="initPages()[pri:0, instance:tests.CommandUpGradeSLFTest@48974e45]" started-at="2025-10-09T11:58:34 IST" name="initPages" finished-at="2025-10-09T11:58:34 IST" duration-ms="50" status="PASS">
          <reporter-output>
          </reporter-output>
        </test-method> <!-- initPages -->
        <test-method signature="validateMarkForReviewButtonAbsentAfterTrainerSubmission()[pri:0, instance:tests.CommandUpGradeSLFTest@48974e45]" started-at="2025-10-09T11:58:34 IST" name="validateMarkForReviewButtonAbsentAfterTrainerSubmission" description="Validate &quot;Mark for Review&quot; button absence after trainer form submission" finished-at="2025-10-09T12:00:50 IST" duration-ms="136068" status="PASS">
          <reporter-output>
          </reporter-output>
        </test-method> <!-- validateMarkForReviewButtonAbsentAfterTrainerSubmission -->
        <test-method is-config="true" signature="tearDown(org.testng.ITestResult)[pri:0, instance:tests.CommandUpGradeSLFTest@48974e45]" started-at="2025-10-09T12:00:50 IST" name="tearDown" finished-at="2025-10-09T12:00:51 IST" duration-ms="619" status="PASS">
          <params>
            <param index="0">
              <value>
                <![CDATA[[TestResult name=validateMarkForReviewButtonAbsentAfterTrainerSubmission status=SUCCESS method=CommandUpGradeSLFTest.validateMarkForReviewButtonAbsentAfterTrainerSubmission()[pri:0, instance:tests.CommandUpGradeSLFTest@48974e45] output={null}]]]>
              </value>
            </param>
          </params>
          <reporter-output>
          </reporter-output>
        </test-method> <!-- tearDown -->
        <test-method is-config="true" signature="tearDownExtent()[pri:0, instance:tests.CommandUpGradeSLFTest@48974e45]" started-at="2025-10-09T12:00:51 IST" name="tearDownExtent" finished-at="2025-10-09T12:00:51 IST" duration-ms="226" status="PASS">
          <reporter-output>
          </reporter-output>
        </test-method> <!-- tearDownExtent -->
      </class> <!-- tests.CommandUpGradeSLFTest -->
    </test> <!-- Default test -->
  </suite> <!-- Default suite -->
</testng-results>
