<?xml version="1.0" encoding="UTF-8"?>
<testng-results ignored="32" total="33" passed="1" failed="0" skipped="0">
  <reporter-output>
  </reporter-output>
  <suite started-at="2025-10-29T15:52:37 IST" name="Default suite" finished-at="2025-10-29T15:56:19 IST" duration-ms="222102">
    <groups>
    </groups>
    <test started-at="2025-10-29T15:52:37 IST" name="Default test" finished-at="2025-10-29T15:56:19 IST" duration-ms="222102">
      <class name="tests.PBSTest">
        <test-method is-config="true" signature="setUpExtent()[pri:0, instance:tests.PBSTest@3c3d9b6b]" started-at="2025-10-29T15:52:37 IST" name="setUpExtent" finished-at="2025-10-29T15:52:37 IST" duration-ms="184" status="PASS">
          <reporter-output>
          </reporter-output>
        </test-method> <!-- setUpExtent -->
        <test-method is-config="true" signature="setUp(java.lang.String,java.lang.String)[pri:0, instance:tests.PBSTest@3c3d9b6b]" started-at="2025-10-29T15:52:37 IST" name="setUp" finished-at="2025-10-29T15:52:44 IST" duration-ms="7230" status="PASS">
          <params>
            <param index="0">
              <value>
                <![CDATA[chrome]]>
              </value>
            </param>
            <param index="1">
              <value>
                <![CDATA[false]]>
              </value>
            </param>
          </params>
          <reporter-output>
          </reporter-output>
        </test-method> <!-- setUp -->
        <test-method is-config="true" signature="initPages()[pri:0, instance:tests.PBSTest@3c3d9b6b]" started-at="2025-10-29T15:52:44 IST" name="initPages" finished-at="2025-10-29T15:52:44 IST" duration-ms="63" status="PASS">
          <reporter-output>
          </reporter-output>
        </test-method> <!-- initPages -->
        <test-method signature="validateReportDownloadAsZipWhenSingleCheckboxSelected()[pri:0, instance:tests.PBSTest@3c3d9b6b]" started-at="2025-10-29T15:52:44 IST" name="validateReportDownloadAsZipWhenSingleCheckboxSelected" description="Validate reports can be downloaded as a .zip file when a single checkbox is selected" finished-at="2025-10-29T15:56:18 IST" duration-ms="214290" status="PASS">
          <reporter-output>
          </reporter-output>
        </test-method> <!-- validateReportDownloadAsZipWhenSingleCheckboxSelected -->
        <test-method is-config="true" signature="tearDown(org.testng.ITestResult)[pri:0, instance:tests.PBSTest@3c3d9b6b]" started-at="2025-10-29T15:56:18 IST" name="tearDown" finished-at="2025-10-29T15:56:19 IST" duration-ms="494" status="PASS">
          <params>
            <param index="0">
              <value>
                <![CDATA[[TestResult name=validateReportDownloadAsZipWhenSingleCheckboxSelected status=SUCCESS method=PBSTest.validateReportDownloadAsZipWhenSingleCheckboxSelected()[pri:0, instance:tests.PBSTest@3c3d9b6b] output={null}]]]>
              </value>
            </param>
          </params>
          <reporter-output>
          </reporter-output>
        </test-method> <!-- tearDown -->
        <test-method is-config="true" signature="tearDownExtent()[pri:0, instance:tests.PBSTest@3c3d9b6b]" started-at="2025-10-29T15:56:19 IST" name="tearDownExtent" finished-at="2025-10-29T15:56:19 IST" duration-ms="202" status="PASS">
          <reporter-output>
          </reporter-output>
        </test-method> <!-- tearDownExtent -->
      </class> <!-- tests.PBSTest -->
    </test> <!-- Default test -->
  </suite> <!-- Default suite -->
</testng-results>
