<?xml version="1.0" encoding="UTF-8"?>
<testng-results ignored="0" total="1" passed="1" failed="0" skipped="0">
  <reporter-output>
  </reporter-output>
  <suite started-at="2025-10-27T18:01:05 IST" name="Default suite" finished-at="2025-10-27T18:01:41 IST" duration-ms="35438">
    <groups>
    </groups>
    <test started-at="2025-10-27T18:01:05 IST" name="Default test" finished-at="2025-10-27T18:01:41 IST" duration-ms="35438">
      <class name="tests.PBSTest">
        <test-method is-config="true" signature="setUpExtent()[pri:0, instance:tests.PBSTest@55b0dcab]" started-at="2025-10-27T18:01:05 IST" name="setUpExtent" finished-at="2025-10-27T18:01:05 IST" duration-ms="204" status="PASS">
          <reporter-output>
          </reporter-output>
        </test-method> <!-- setUpExtent -->
        <test-method is-config="true" signature="setUp(java.lang.String,java.lang.String)[pri:0, instance:tests.PBSTest@55b0dcab]" started-at="2025-10-27T18:01:05 IST" name="setUp" finished-at="2025-10-27T18:01:18 IST" duration-ms="12726" status="PASS">
          <params>
            <param index="0">
              <value>
                <![CDATA[chrome]]>
              </value>
            </param>
            <param index="1">
              <value>
                <![CDATA[false]]>
              </value>
            </param>
          </params>
          <reporter-output>
          </reporter-output>
        </test-method> <!-- setUp -->
        <test-method is-config="true" signature="initPages()[pri:0, instance:tests.PBSTest@55b0dcab]" started-at="2025-10-27T18:01:18 IST" name="initPages" finished-at="2025-10-27T18:01:18 IST" duration-ms="101" status="PASS">
          <reporter-output>
          </reporter-output>
        </test-method> <!-- initPages -->
        <test-method signature="e2eHappyPathTestForCommandUpgradeSLF()[pri:0, instance:tests.PBSTest@55b0dcab]" started-at="2025-10-27T18:01:18 IST" name="e2eHappyPathTestForCommandUpgradeSLF" description="Happy Path for Practice Book Session" finished-at="2025-10-27T18:01:40 IST" duration-ms="22139" status="PASS">
          <reporter-output>
          </reporter-output>
        </test-method> <!-- e2eHappyPathTestForCommandUpgradeSLF -->
        <test-method is-config="true" signature="tearDown(org.testng.ITestResult)[pri:0, instance:tests.PBSTest@55b0dcab]" started-at="2025-10-27T18:01:40 IST" name="tearDown" finished-at="2025-10-27T18:01:41 IST" duration-ms="448" status="PASS">
          <params>
            <param index="0">
              <value>
                <![CDATA[[TestResult name=e2eHappyPathTestForCommandUpgradeSLF status=SUCCESS method=PBSTest.e2eHappyPathTestForCommandUpgradeSLF()[pri:0, instance:tests.PBSTest@55b0dcab] output={null}]]]>
              </value>
            </param>
          </params>
          <reporter-output>
          </reporter-output>
        </test-method> <!-- tearDown -->
        <test-method is-config="true" signature="tearDownExtent()[pri:0, instance:tests.PBSTest@55b0dcab]" started-at="2025-10-27T18:01:41 IST" name="tearDownExtent" finished-at="2025-10-27T18:01:41 IST" duration-ms="230" status="PASS">
          <reporter-output>
          </reporter-output>
        </test-method> <!-- tearDownExtent -->
      </class> <!-- tests.PBSTest -->
    </test> <!-- Default test -->
  </suite> <!-- Default suite -->
</testng-results>
