<?xml version="1.0" encoding="UTF-8"?>
<testng-results ignored="27" total="28" passed="1" failed="0" skipped="0">
  <reporter-output>
  </reporter-output>
  <suite started-at="2025-09-27T11:28:47 IST" name="Default suite" finished-at="2025-09-27T11:29:58 IST" duration-ms="71303">
    <groups>
    </groups>
    <test started-at="2025-09-27T11:28:47 IST" name="Default test" finished-at="2025-09-27T11:29:58 IST" duration-ms="71303">
      <class name="tests.CommandUpGradeSLF">
        <test-method is-config="true" signature="setUpExtent()[pri:0, instance:tests.CommandUpGradeSLF@702b8b12]" started-at="2025-09-27T11:28:47 IST" name="setUpExtent" finished-at="2025-09-27T11:28:47 IST" duration-ms="196" status="PASS">
          <reporter-output>
          </reporter-output>
        </test-method> <!-- setUpExtent -->
        <test-method is-config="true" signature="setUp(java.lang.String,java.lang.String)[pri:0, instance:tests.CommandUpGradeSLF@702b8b12]" started-at="2025-09-27T11:28:47 IST" name="setUp" finished-at="2025-09-27T11:28:58 IST" duration-ms="11117" status="PASS">
          <params>
            <param index="0">
              <value>
                <![CDATA[chrome]]>
              </value>
            </param>
            <param index="1">
              <value>
                <![CDATA[false]]>
              </value>
            </param>
          </params>
          <reporter-output>
          </reporter-output>
        </test-method> <!-- setUp -->
        <test-method is-config="true" signature="initPages()[pri:0, instance:tests.CommandUpGradeSLF@702b8b12]" started-at="2025-09-27T11:28:58 IST" name="initPages" finished-at="2025-09-27T11:28:58 IST" duration-ms="31" status="PASS">
          <reporter-output>
          </reporter-output>
        </test-method> <!-- initPages -->
        <test-method signature="validatePleaseEnterDuration()[pri:0, instance:tests.CommandUpGradeSLF@702b8b12]" started-at="2025-09-27T11:28:58 IST" name="validatePleaseEnterDuration" description="Verify trainer can select up to 8 options in &#039;No. of Selected for this SLF Period&#039; dropdown" finished-at="2025-09-27T11:29:58 IST" duration-ms="59713" status="PASS">
          <reporter-output>
          </reporter-output>
        </test-method> <!-- validatePleaseEnterDuration -->
        <test-method is-config="true" signature="tearDown(org.testng.ITestResult)[pri:0, instance:tests.CommandUpGradeSLF@702b8b12]" started-at="2025-09-27T11:29:58 IST" name="tearDown" finished-at="2025-09-27T11:29:58 IST" duration-ms="414" status="PASS">
          <params>
            <param index="0">
              <value>
                <![CDATA[[TestResult name=validatePleaseEnterDuration status=SUCCESS method=CommandUpGradeSLF.validatePleaseEnterDuration()[pri:0, instance:tests.CommandUpGradeSLF@702b8b12] output={null}]]]>
              </value>
            </param>
          </params>
          <reporter-output>
          </reporter-output>
        </test-method> <!-- tearDown -->
        <test-method is-config="true" signature="tearDownExtent()[pri:0, instance:tests.CommandUpGradeSLF@702b8b12]" started-at="2025-09-27T11:29:58 IST" name="tearDownExtent" finished-at="2025-09-27T11:29:58 IST" duration-ms="199" status="PASS">
          <reporter-output>
          </reporter-output>
        </test-method> <!-- tearDownExtent -->
      </class> <!-- tests.CommandUpGradeSLF -->
    </test> <!-- Default test -->
  </suite> <!-- Default suite -->
</testng-results>
