<?xml version="1.0" encoding="UTF-8"?>
<testng-results ignored="14" total="15" passed="1" failed="0" skipped="0">
  <reporter-output>
  </reporter-output>
  <suite started-at="2025-10-31T17:06:55 IST" name="Default suite" finished-at="2025-10-31T17:08:13 IST" duration-ms="77927">
    <groups>
    </groups>
    <test started-at="2025-10-31T17:06:55 IST" name="Default test" finished-at="2025-10-31T17:08:13 IST" duration-ms="77927">
      <class name="tests.CATII_III_Test">
        <test-method is-config="true" signature="setUpExtent()[pri:0, instance:tests.CATII_III_Test@7dc0f706]" started-at="2025-10-31T17:06:55 IST" name="setUpExtent" finished-at="2025-10-31T17:06:55 IST" duration-ms="167" status="PASS">
          <reporter-output>
          </reporter-output>
        </test-method> <!-- setUpExtent -->
        <test-method is-config="true" signature="setUp(java.lang.String,java.lang.String)[pri:0, instance:tests.CATII_III_Test@7dc0f706]" started-at="2025-10-31T17:06:55 IST" name="setUp" finished-at="2025-10-31T17:07:09 IST" duration-ms="14565" status="PASS">
          <params>
            <param index="0">
              <value>
                <![CDATA[chrome]]>
              </value>
            </param>
            <param index="1">
              <value>
                <![CDATA[false]]>
              </value>
            </param>
          </params>
          <reporter-output>
          </reporter-output>
        </test-method> <!-- setUp -->
        <test-method is-config="true" signature="initPages()[pri:0, instance:tests.CATII_III_Test@7dc0f706]" started-at="2025-10-31T17:07:09 IST" name="initPages" finished-at="2025-10-31T17:07:09 IST" duration-ms="77" status="PASS">
          <reporter-output>
          </reporter-output>
        </test-method> <!-- initPages -->
        <test-method signature="validatePleaseProvideAsignatureFirst()[pri:0, instance:tests.CATII_III_Test@7dc0f706]" started-at="2025-10-31T17:07:09 IST" name="validatePleaseProvideAsignatureFirst" description="Please provide a signature first." finished-at="2025-10-31T17:08:12 IST" duration-ms="62748" status="PASS">
          <reporter-output>
          </reporter-output>
        </test-method> <!-- validatePleaseProvideAsignatureFirst -->
        <test-method is-config="true" signature="tearDown(org.testng.ITestResult)[pri:0, instance:tests.CATII_III_Test@7dc0f706]" started-at="2025-10-31T17:08:12 IST" name="tearDown" finished-at="2025-10-31T17:08:13 IST" duration-ms="510" status="PASS">
          <params>
            <param index="0">
              <value>
                <![CDATA[[TestResult name=validatePleaseProvideAsignatureFirst status=SUCCESS method=CATII_III_Test.validatePleaseProvideAsignatureFirst()[pri:0, instance:tests.CATII_III_Test@7dc0f706] output={null}]]]>
              </value>
            </param>
          </params>
          <reporter-output>
          </reporter-output>
        </test-method> <!-- tearDown -->
        <test-method is-config="true" signature="tearDownExtent()[pri:0, instance:tests.CATII_III_Test@7dc0f706]" started-at="2025-10-31T17:08:13 IST" name="tearDownExtent" finished-at="2025-10-31T17:08:13 IST" duration-ms="180" status="PASS">
          <reporter-output>
          </reporter-output>
        </test-method> <!-- tearDownExtent -->
      </class> <!-- tests.CATII_III_Test -->
    </test> <!-- Default test -->
  </suite> <!-- Default suite -->
</testng-results>
