<?xml version="1.0" encoding="UTF-8"?>
<testng-results ignored="0" total="1" passed="1" failed="0" skipped="0">
  <reporter-output>
  </reporter-output>
  <suite started-at="2025-10-10T12:41:47 IST" name="Default suite" finished-at="2025-10-10T12:42:35 IST" duration-ms="47226">
    <groups>
    </groups>
    <test started-at="2025-10-10T12:41:47 IST" name="Default test" finished-at="2025-10-10T12:42:35 IST" duration-ms="47226">
      <class name="tests.CA40Test">
        <test-method is-config="true" signature="setUpExtent()[pri:0, instance:tests.CA40Test@120f102b]" started-at="2025-10-10T12:41:47 IST" name="setUpExtent" finished-at="2025-10-10T12:41:47 IST" duration-ms="150" status="PASS">
          <reporter-output>
          </reporter-output>
        </test-method> <!-- setUpExtent -->
        <test-method is-config="true" signature="setUp(java.lang.String,java.lang.String)[pri:0, instance:tests.CA40Test@120f102b]" started-at="2025-10-10T12:41:47 IST" name="setUp" finished-at="2025-10-10T12:41:56 IST" duration-ms="8982" status="PASS">
          <params>
            <param index="0">
              <value>
                <![CDATA[chrome]]>
              </value>
            </param>
            <param index="1">
              <value>
                <![CDATA[false]]>
              </value>
            </param>
          </params>
          <reporter-output>
          </reporter-output>
        </test-method> <!-- setUp -->
        <test-method is-config="true" signature="initPages()[pri:0, instance:tests.CA40Test@120f102b]" started-at="2025-10-10T12:41:56 IST" name="initPages" finished-at="2025-10-10T12:41:56 IST" duration-ms="37" status="PASS">
          <reporter-output>
          </reporter-output>
        </test-method> <!-- initPages -->
        <test-method signature="test()[pri:0, instance:tests.CA40Test@120f102b]" started-at="2025-10-10T12:41:56 IST" name="test" finished-at="2025-10-10T12:42:34 IST" duration-ms="37768" status="PASS">
          <reporter-output>
          </reporter-output>
        </test-method> <!-- test -->
        <test-method is-config="true" signature="tearDown(org.testng.ITestResult)[pri:0, instance:tests.CA40Test@120f102b]" started-at="2025-10-10T12:42:34 IST" name="tearDown" finished-at="2025-10-10T12:42:35 IST" duration-ms="414" status="PASS">
          <params>
            <param index="0">
              <value>
                <![CDATA[[TestResult name=test status=SUCCESS method=CA40Test.test()[pri:0, instance:tests.CA40Test@120f102b] output={null}]]]>
              </value>
            </param>
          </params>
          <reporter-output>
          </reporter-output>
        </test-method> <!-- tearDown -->
        <test-method is-config="true" signature="tearDownExtent()[pri:0, instance:tests.CA40Test@120f102b]" started-at="2025-10-10T12:42:35 IST" name="tearDownExtent" finished-at="2025-10-10T12:42:35 IST" duration-ms="214" status="PASS">
          <reporter-output>
          </reporter-output>
        </test-method> <!-- tearDownExtent -->
      </class> <!-- tests.CA40Test -->
    </test> <!-- Default test -->
  </suite> <!-- Default suite -->
</testng-results>
