<?xml version="1.0" encoding="UTF-8"?>
<testng-results ignored="0" total="1" passed="1" failed="0" skipped="0">
  <reporter-output>
  </reporter-output>
  <suite started-at="2025-10-29T16:56:31 IST" name="Default suite" finished-at="2025-10-29T16:57:29 IST" duration-ms="57954">
    <groups>
    </groups>
    <test started-at="2025-10-29T16:56:31 IST" name="Default test" finished-at="2025-10-29T16:57:29 IST" duration-ms="57954">
      <class name="tests.CATII_III_Test">
        <test-method is-config="true" signature="setUpExtent()[pri:0, instance:tests.CATII_III_Test@55b0dcab]" started-at="2025-10-29T16:56:31 IST" name="setUpExtent" finished-at="2025-10-29T16:56:31 IST" duration-ms="185" status="PASS">
          <reporter-output>
          </reporter-output>
        </test-method> <!-- setUpExtent -->
        <test-method is-config="true" signature="setUp(java.lang.String,java.lang.String)[pri:0, instance:tests.CATII_III_Test@55b0dcab]" started-at="2025-10-29T16:56:31 IST" name="setUp" finished-at="2025-10-29T16:56:43 IST" duration-ms="12315" status="PASS">
          <params>
            <param index="0">
              <value>
                <![CDATA[chrome]]>
              </value>
            </param>
            <param index="1">
              <value>
                <![CDATA[false]]>
              </value>
            </param>
          </params>
          <reporter-output>
          </reporter-output>
        </test-method> <!-- setUp -->
        <test-method is-config="true" signature="initPages()[pri:0, instance:tests.CATII_III_Test@55b0dcab]" started-at="2025-10-29T16:56:43 IST" name="initPages" finished-at="2025-10-29T16:56:44 IST" duration-ms="113" status="PASS">
          <reporter-output>
          </reporter-output>
        </test-method> <!-- initPages -->
        <test-method signature="happyPathCA4041Test()[pri:0, instance:tests.CATII_III_Test@55b0dcab]" started-at="2025-10-29T16:56:44 IST" name="happyPathCA4041Test" description="CAT II III Form e2e Happy Path test case" finished-at="2025-10-29T16:57:29 IST" duration-ms="45021" status="PASS">
          <reporter-output>
          </reporter-output>
        </test-method> <!-- happyPathCA4041Test -->
        <test-method is-config="true" signature="tearDown(org.testng.ITestResult)[pri:0, instance:tests.CATII_III_Test@55b0dcab]" started-at="2025-10-29T16:57:29 IST" name="tearDown" finished-at="2025-10-29T16:57:29 IST" duration-ms="478" status="PASS">
          <params>
            <param index="0">
              <value>
                <![CDATA[[TestResult name=happyPathCA4041Test status=SUCCESS method=CATII_III_Test.happyPathCA4041Test()[pri:0, instance:tests.CATII_III_Test@55b0dcab] output={null}]]]>
              </value>
            </param>
          </params>
          <reporter-output>
          </reporter-output>
        </test-method> <!-- tearDown -->
        <test-method is-config="true" signature="tearDownExtent()[pri:0, instance:tests.CATII_III_Test@55b0dcab]" started-at="2025-10-29T16:57:29 IST" name="tearDownExtent" finished-at="2025-10-29T16:57:29 IST" duration-ms="213" status="PASS">
          <reporter-output>
          </reporter-output>
        </test-method> <!-- tearDownExtent -->
      </class> <!-- tests.CATII_III_Test -->
    </test> <!-- Default test -->
  </suite> <!-- Default suite -->
</testng-results>
