<?xml version="1.0" encoding="UTF-8"?>
<testng-results ignored="35" total="36" passed="0" failed="1" skipped="0">
  <reporter-output>
  </reporter-output>
  <suite started-at="2025-10-08T16:33:21 IST" name="Default suite" finished-at="2025-10-08T16:36:26 IST" duration-ms="184086">
    <groups>
    </groups>
    <test started-at="2025-10-08T16:33:21 IST" name="Default test" finished-at="2025-10-08T16:36:26 IST" duration-ms="184086">
      <class name="tests.CommandUpGradeSLFTest">
        <test-method is-config="true" signature="setUpExtent()[pri:0, instance:tests.CommandUpGradeSLFTest@247d8ae]" started-at="2025-10-08T16:33:21 IST" name="setUpExtent" finished-at="2025-10-08T16:33:21 IST" duration-ms="197" status="PASS">
          <reporter-output>
          </reporter-output>
        </test-method> <!-- setUpExtent -->
        <test-method is-config="true" signature="setUp(java.lang.String,java.lang.String)[pri:0, instance:tests.CommandUpGradeSLFTest@247d8ae]" started-at="2025-10-08T16:33:22 IST" name="setUp" finished-at="2025-10-08T16:33:35 IST" duration-ms="13556" status="PASS">
          <params>
            <param index="0">
              <value>
                <![CDATA[chrome]]>
              </value>
            </param>
            <param index="1">
              <value>
                <![CDATA[false]]>
              </value>
            </param>
          </params>
          <reporter-output>
          </reporter-output>
        </test-method> <!-- setUp -->
        <test-method is-config="true" signature="initPages()[pri:0, instance:tests.CommandUpGradeSLFTest@247d8ae]" started-at="2025-10-08T16:33:35 IST" name="initPages" finished-at="2025-10-08T16:33:35 IST" duration-ms="57" status="PASS">
          <reporter-output>
          </reporter-output>
        </test-method> <!-- initPages -->
        <test-method signature="validateAdminCanMarkForReviewWithComments()[pri:0, instance:tests.CommandUpGradeSLFTest@247d8ae]" started-at="2025-10-08T16:33:35 IST" name="validateAdminCanMarkForReviewWithComments" description="Validate admin can mark for review with adding comments" finished-at="2025-10-08T16:36:25 IST" duration-ms="169603" status="FAIL">
          <exception class="org.openqa.selenium.TimeoutException">
            <message>
              <![CDATA[Expected condition failed: waiting for element to be clickable: [[ChromeDriver: chrome on mac (38621fbc36b3c2c73a3cdce3560471a4)] -> xpath: //button[@id='home_button_yes']] (tried for 5 second(s) with 500 milliseconds interval)
Build info: version: '4.35.0', revision: '1c58e5028b'
System info: os.name: 'Mac OS X', os.arch: 'x86_64', os.version: '15.6.1', java.version: '21.0.7'
Driver info: org.openqa.selenium.chrome.ChromeDriver
Capabilities {acceptInsecureCerts: false, browserName: chrome, browserVersion: 141.0.7390.54, chrome: {chromedriverVersion: 141.0.7390.65 (b2ec783d2b51..., userDataDir: /var/folders/0r/lq772bg92l3...}, fedcm:accounts: true, goog:chromeOptions: {debuggerAddress: localhost:54945}, networkConnectionEnabled: false, pageLoadStrategy: normal, platformName: mac, proxy: Proxy(), se:cdp: ws://localhost:54945/devtoo..., se:cdpVersion: 141.0.7390.54, setWindowRect: true, strictFileInteractability: false, timeouts: {implicit: 0, pageLoad: 300000, script: 30000}, unhandledPromptBehavior: dismiss and notify, webauthn:extension:credBlob: true, webauthn:extension:largeBlob: true, webauthn:extension:minPinLength: true, webauthn:extension:prf: true, webauthn:virtualAuthenticators: true}
Session ID: 38621fbc36b3c2c73a3cdce3560471a4]]>
            </message>
            <full-stacktrace>
              <![CDATA[org.openqa.selenium.TimeoutException: Expected condition failed: waiting for element to be clickable: [[ChromeDriver: chrome on mac (38621fbc36b3c2c73a3cdce3560471a4)] -> xpath: //button[@id='home_button_yes']] (tried for 5 second(s) with 500 milliseconds interval)
Build info: version: '4.35.0', revision: '1c58e5028b'
System info: os.name: 'Mac OS X', os.arch: 'x86_64', os.version: '15.6.1', java.version: '21.0.7'
Driver info: org.openqa.selenium.chrome.ChromeDriver
Capabilities {acceptInsecureCerts: false, browserName: chrome, browserVersion: 141.0.7390.54, chrome: {chromedriverVersion: 141.0.7390.65 (b2ec783d2b51..., userDataDir: /var/folders/0r/lq772bg92l3...}, fedcm:accounts: true, goog:chromeOptions: {debuggerAddress: localhost:54945}, networkConnectionEnabled: false, pageLoadStrategy: normal, platformName: mac, proxy: Proxy(), se:cdp: ws://localhost:54945/devtoo..., se:cdpVersion: 141.0.7390.54, setWindowRect: true, strictFileInteractability: false, timeouts: {implicit: 0, pageLoad: 300000, script: 30000}, unhandledPromptBehavior: dismiss and notify, webauthn:extension:credBlob: true, webauthn:extension:largeBlob: true, webauthn:extension:minPinLength: true, webauthn:extension:prf: true, webauthn:virtualAuthenticators: true}
Session ID: 38621fbc36b3c2c73a3cdce3560471a4
at org.openqa.selenium.support.ui.WebDriverWait.timeoutException(WebDriverWait.java:84)
at org.openqa.selenium.support.ui.FluentWait.until(FluentWait.java:228)
at utils.SeleniumUtils.waitForClickability(SeleniumUtils.java:37)
at utils.SeleniumUtils.click(SeleniumUtils.java:48)
at adminPages.TrainingManagerReviewPage.clickYesButtonForApprove(TrainingManagerReviewPage.java:157)
at tests.CommandUpGradeSLFTest.validateAdminCanMarkForReviewWithComments(CommandUpGradeSLFTest.java:1426)
at java.base/jdk.internal.reflect.DirectMethodHandleAccessor.invoke(DirectMethodHandleAccessor.java:103)
at java.base/java.lang.reflect.Method.invoke(Method.java:580)
at org.testng.internal.invokers.MethodInvocationHelper.invokeMethod(MethodInvocationHelper.java:141)
at org.testng.internal.invokers.TestInvoker.invokeMethod(TestInvoker.java:687)
at org.testng.internal.invokers.TestInvoker.invokeTestMethod(TestInvoker.java:230)
at org.testng.internal.invokers.MethodRunner.runInSequence(MethodRunner.java:63)
at org.testng.internal.invokers.TestInvoker$MethodInvocationAgent.invoke(TestInvoker.java:995)
at org.testng.internal.invokers.TestInvoker.invokeTestMethods(TestInvoker.java:203)
at org.testng.internal.invokers.TestMethodWorker.invokeTestMethods(TestMethodWorker.java:154)
at org.testng.internal.invokers.TestMethodWorker.run(TestMethodWorker.java:134)
at java.base/java.util.ArrayList.forEach(ArrayList.java:1596)
at org.testng.TestRunner.privateRun(TestRunner.java:741)
at org.testng.TestRunner.run(TestRunner.java:616)
at org.testng.SuiteRunner.runTest(SuiteRunner.java:421)
at org.testng.SuiteRunner.runSequentially(SuiteRunner.java:413)
at org.testng.SuiteRunner.privateRun(SuiteRunner.java:373)
at org.testng.SuiteRunner.run(SuiteRunner.java:312)
at org.testng.SuiteRunnerWorker.runSuite(SuiteRunnerWorker.java:52)
at org.testng.SuiteRunnerWorker.run(SuiteRunnerWorker.java:95)
at org.testng.TestNG.runSuitesSequentially(TestNG.java:1274)
at org.testng.TestNG.runSuitesLocally(TestNG.java:1208)
at org.testng.TestNG.runSuites(TestNG.java:1112)
at org.testng.TestNG.run(TestNG.java:1079)
at org.testng.remote.AbstractRemoteTestNG.run(AbstractRemoteTestNG.java:115)
at org.testng.remote.RemoteTestNG.initAndRun(RemoteTestNG.java:293)
at org.testng.remote.RemoteTestNG.main(RemoteTestNG.java:91)
]]>
            </full-stacktrace>
          </exception> <!-- org.openqa.selenium.TimeoutException -->
          <reporter-output>
          </reporter-output>
        </test-method> <!-- validateAdminCanMarkForReviewWithComments -->
        <test-method is-config="true" signature="tearDown(org.testng.ITestResult)[pri:0, instance:tests.CommandUpGradeSLFTest@247d8ae]" started-at="2025-10-08T16:36:25 IST" name="tearDown" finished-at="2025-10-08T16:36:26 IST" duration-ms="845" status="PASS">
          <params>
            <param index="0">
              <value>
                <![CDATA[[TestResult name=validateAdminCanMarkForReviewWithComments status=FAILURE method=CommandUpGradeSLFTest.validateAdminCanMarkForReviewWithComments()[pri:0, instance:tests.CommandUpGradeSLFTest@247d8ae] output={null}]]]>
              </value>
            </param>
          </params>
          <reporter-output>
          </reporter-output>
        </test-method> <!-- tearDown -->
        <test-method is-config="true" signature="tearDownExtent()[pri:0, instance:tests.CommandUpGradeSLFTest@247d8ae]" started-at="2025-10-08T16:36:26 IST" name="tearDownExtent" finished-at="2025-10-08T16:36:26 IST" duration-ms="207" status="PASS">
          <reporter-output>
          </reporter-output>
        </test-method> <!-- tearDownExtent -->
      </class> <!-- tests.CommandUpGradeSLFTest -->
    </test> <!-- Default test -->
  </suite> <!-- Default suite -->
</testng-results>
