<?xml version="1.0" encoding="UTF-8"?>
<testng-results ignored="0" total="1" passed="1" failed="0" skipped="0">
  <reporter-output>
  </reporter-output>
  <suite started-at="2025-11-06T18:16:06 IST" name="Default suite" finished-at="2025-11-06T18:16:53 IST" duration-ms="47618">
    <groups>
    </groups>
    <test started-at="2025-11-06T18:16:06 IST" name="Default test" finished-at="2025-11-06T18:16:53 IST" duration-ms="47618">
      <class name="tests.ZFTTTest">
        <test-method is-config="true" signature="setUpExtent()[pri:0, instance:tests.ZFTTTest@55b0dcab]" started-at="2025-11-06T18:16:06 IST" name="setUpExtent" finished-at="2025-11-06T18:16:06 IST" duration-ms="161" status="PASS">
          <reporter-output>
          </reporter-output>
        </test-method> <!-- setUpExtent -->
        <test-method is-config="true" signature="setUp(java.lang.String,java.lang.String)[pri:0, instance:tests.ZFTTTest@55b0dcab]" started-at="2025-11-06T18:16:06 IST" name="setUp" finished-at="2025-11-06T18:16:13 IST" duration-ms="7132" status="PASS">
          <params>
            <param index="0">
              <value>
                <![CDATA[chrome]]>
              </value>
            </param>
            <param index="1">
              <value>
                <![CDATA[false]]>
              </value>
            </param>
          </params>
          <reporter-output>
          </reporter-output>
        </test-method> <!-- setUp -->
        <test-method is-config="true" signature="initPages()[pri:0, instance:tests.ZFTTTest@55b0dcab]" started-at="2025-11-06T18:16:13 IST" name="initPages" finished-at="2025-11-06T18:16:13 IST" duration-ms="32" status="PASS">
          <reporter-output>
          </reporter-output>
        </test-method> <!-- initPages -->
        <test-method signature="happyPathZFTTTest()[pri:0, instance:tests.ZFTTTest@55b0dcab]" started-at="2025-11-06T18:16:13 IST" name="happyPathZFTTTest" description="ZFTT Form e2e Happy Path test case" finished-at="2025-11-06T18:16:53 IST" duration-ms="40107" status="PASS">
          <reporter-output>
          </reporter-output>
        </test-method> <!-- happyPathZFTTTest -->
        <test-method is-config="true" signature="tearDown(org.testng.ITestResult)[pri:0, instance:tests.ZFTTTest@55b0dcab]" started-at="2025-11-06T18:16:53 IST" name="tearDown" finished-at="2025-11-06T18:16:53 IST" duration-ms="323" status="PASS">
          <params>
            <param index="0">
              <value>
                <![CDATA[[TestResult name=happyPathZFTTTest status=SUCCESS method=ZFTTTest.happyPathZFTTTest()[pri:0, instance:tests.ZFTTTest@55b0dcab] output={null}]]]>
              </value>
            </param>
          </params>
          <reporter-output>
          </reporter-output>
        </test-method> <!-- tearDown -->
        <test-method is-config="true" signature="tearDownExtent()[pri:0, instance:tests.ZFTTTest@55b0dcab]" started-at="2025-11-06T18:16:54 IST" name="tearDownExtent" finished-at="2025-11-06T18:16:54 IST" duration-ms="188" status="PASS">
          <reporter-output>
          </reporter-output>
        </test-method> <!-- tearDownExtent -->
      </class> <!-- tests.ZFTTTest -->
    </test> <!-- Default test -->
  </suite> <!-- Default suite -->
</testng-results>
