<?xml version="1.0" encoding="UTF-8"?>
<testng-results ignored="27" total="28" passed="1" failed="0" skipped="0">
  <reporter-output>
  </reporter-output>
  <suite started-at="2025-11-10T14:25:14 IST" name="Default suite" finished-at="2025-11-10T14:28:00 IST" duration-ms="165950">
    <groups>
    </groups>
    <test started-at="2025-11-10T14:25:14 IST" name="Default test" finished-at="2025-11-10T14:28:00 IST" duration-ms="165950">
      <class name="tests.ZFTTTest">
        <test-method is-config="true" signature="setUpExtent()[pri:0, instance:tests.ZFTTTest@609cd4d8]" started-at="2025-11-10T14:25:14 IST" name="setUpExtent" finished-at="2025-11-10T14:25:14 IST" duration-ms="183" status="PASS">
          <reporter-output>
          </reporter-output>
        </test-method> <!-- setUpExtent -->
        <test-method is-config="true" signature="setUp(java.lang.String,java.lang.String)[pri:0, instance:tests.ZFTTTest@609cd4d8]" started-at="2025-11-10T14:25:14 IST" name="setUp" finished-at="2025-11-10T14:25:23 IST" duration-ms="8694" status="PASS">
          <params>
            <param index="0">
              <value>
                <![CDATA[chrome]]>
              </value>
            </param>
            <param index="1">
              <value>
                <![CDATA[false]]>
              </value>
            </param>
          </params>
          <reporter-output>
          </reporter-output>
        </test-method> <!-- setUp -->
        <test-method is-config="true" signature="initPages()[pri:0, instance:tests.ZFTTTest@609cd4d8]" started-at="2025-11-10T14:25:23 IST" name="initPages" finished-at="2025-11-10T14:25:23 IST" duration-ms="49" status="PASS">
          <reporter-output>
          </reporter-output>
        </test-method> <!-- initPages -->
        <test-method signature="validateReportDownloadAsZipWhenSingleCheckboxSelected()[pri:0, instance:tests.ZFTTTest@609cd4d8]" started-at="2025-11-10T14:25:23 IST" name="validateReportDownloadAsZipWhenSingleCheckboxSelected" description="Validate reports can be downloaded as a .zip file when a single checkbox is selected" finished-at="2025-11-10T14:27:59 IST" duration-ms="156379" status="PASS">
          <reporter-output>
          </reporter-output>
        </test-method> <!-- validateReportDownloadAsZipWhenSingleCheckboxSelected -->
        <test-method is-config="true" signature="tearDown(org.testng.ITestResult)[pri:0, instance:tests.ZFTTTest@609cd4d8]" started-at="2025-11-10T14:27:59 IST" name="tearDown" finished-at="2025-11-10T14:28:00 IST" duration-ms="803" status="PASS">
          <params>
            <param index="0">
              <value>
                <![CDATA[[TestResult name=validateReportDownloadAsZipWhenSingleCheckboxSelected status=SUCCESS method=ZFTTTest.validateReportDownloadAsZipWhenSingleCheckboxSelected()[pri:0, instance:tests.ZFTTTest@609cd4d8] output={null}]]]>
              </value>
            </param>
          </params>
          <reporter-output>
          </reporter-output>
        </test-method> <!-- tearDown -->
        <test-method is-config="true" signature="tearDownExtent()[pri:0, instance:tests.ZFTTTest@609cd4d8]" started-at="2025-11-10T14:28:00 IST" name="tearDownExtent" finished-at="2025-11-10T14:28:00 IST" duration-ms="178" status="PASS">
          <reporter-output>
          </reporter-output>
        </test-method> <!-- tearDownExtent -->
      </class> <!-- tests.ZFTTTest -->
    </test> <!-- Default test -->
  </suite> <!-- Default suite -->
</testng-results>
