<?xml version="1.0" encoding="UTF-8"?>
<testng-results ignored="0" total="1" passed="1" failed="0" skipped="0">
  <reporter-output>
  </reporter-output>
  <suite started-at="2025-10-14T16:21:47 IST" name="Default suite" finished-at="2025-10-14T16:23:29 IST" duration-ms="102738">
    <groups>
    </groups>
    <test started-at="2025-10-14T16:21:47 IST" name="Default test" finished-at="2025-10-14T16:23:29 IST" duration-ms="102738">
      <class name="tests.CA40Test">
        <test-method is-config="true" signature="setUpExtent()[pri:0, instance:tests.CA40Test@a3d8174]" started-at="2025-10-14T16:21:47 IST" name="setUpExtent" finished-at="2025-10-14T16:21:47 IST" duration-ms="156" status="PASS">
          <reporter-output>
          </reporter-output>
        </test-method> <!-- setUpExtent -->
        <test-method is-config="true" signature="setUp(java.lang.String,java.lang.String)[pri:0, instance:tests.CA40Test@a3d8174]" started-at="2025-10-14T16:21:47 IST" name="setUp" finished-at="2025-10-14T16:22:03 IST" duration-ms="16080" status="PASS">
          <params>
            <param index="0">
              <value>
                <![CDATA[chrome]]>
              </value>
            </param>
            <param index="1">
              <value>
                <![CDATA[false]]>
              </value>
            </param>
          </params>
          <reporter-output>
          </reporter-output>
        </test-method> <!-- setUp -->
        <test-method is-config="true" signature="initPages()[pri:0, instance:tests.CA40Test@a3d8174]" started-at="2025-10-14T16:22:03 IST" name="initPages" finished-at="2025-10-14T16:22:03 IST" duration-ms="65" status="PASS">
          <reporter-output>
          </reporter-output>
        </test-method> <!-- initPages -->
        <test-method signature="happyPathCA4041Test()[pri:0, instance:tests.CA40Test@a3d8174]" started-at="2025-10-14T16:22:03 IST" name="happyPathCA4041Test" description="CA 40//41 Form e2e Happy Path test case" finished-at="2025-10-14T16:23:29 IST" duration-ms="86134" status="PASS">
          <reporter-output>
          </reporter-output>
        </test-method> <!-- happyPathCA4041Test -->
        <test-method is-config="true" signature="tearDown(org.testng.ITestResult)[pri:0, instance:tests.CA40Test@a3d8174]" started-at="2025-10-14T16:23:29 IST" name="tearDown" finished-at="2025-10-14T16:23:29 IST" duration-ms="437" status="PASS">
          <params>
            <param index="0">
              <value>
                <![CDATA[[TestResult name=happyPathCA4041Test status=SUCCESS method=CA40Test.happyPathCA4041Test()[pri:0, instance:tests.CA40Test@a3d8174] output={null}]]]>
              </value>
            </param>
          </params>
          <reporter-output>
          </reporter-output>
        </test-method> <!-- tearDown -->
        <test-method is-config="true" signature="tearDownExtent()[pri:0, instance:tests.CA40Test@a3d8174]" started-at="2025-10-14T16:23:29 IST" name="tearDownExtent" finished-at="2025-10-14T16:23:30 IST" duration-ms="185" status="PASS">
          <reporter-output>
          </reporter-output>
        </test-method> <!-- tearDownExtent -->
      </class> <!-- tests.CA40Test -->
    </test> <!-- Default test -->
  </suite> <!-- Default suite -->
</testng-results>
