<?xml version="1.0" encoding="UTF-8"?>
<testng-results ignored="30" total="31" passed="1" failed="0" skipped="0">
  <reporter-output>
  </reporter-output>
  <suite started-at="2025-10-06T17:00:07 IST" name="Default suite" finished-at="2025-10-06T17:02:30 IST" duration-ms="143086">
    <groups>
    </groups>
    <test started-at="2025-10-06T17:00:07 IST" name="Default test" finished-at="2025-10-06T17:02:30 IST" duration-ms="143086">
      <class name="tests.CommandUpGradeSLFTest">
        <test-method is-config="true" signature="setUpExtent()[pri:0, instance:tests.CommandUpGradeSLFTest@10163d6]" started-at="2025-10-06T17:00:07 IST" name="setUpExtent" finished-at="2025-10-06T17:00:07 IST" duration-ms="175" status="PASS">
          <reporter-output>
          </reporter-output>
        </test-method> <!-- setUpExtent -->
        <test-method is-config="true" signature="setUp(java.lang.String,java.lang.String)[pri:0, instance:tests.CommandUpGradeSLFTest@10163d6]" started-at="2025-10-06T17:00:07 IST" name="setUp" finished-at="2025-10-06T17:00:16 IST" duration-ms="9030" status="PASS">
          <params>
            <param index="0">
              <value>
                <![CDATA[chrome]]>
              </value>
            </param>
            <param index="1">
              <value>
                <![CDATA[false]]>
              </value>
            </param>
          </params>
          <reporter-output>
          </reporter-output>
        </test-method> <!-- setUp -->
        <test-method is-config="true" signature="initPages()[pri:0, instance:tests.CommandUpGradeSLFTest@10163d6]" started-at="2025-10-06T17:00:16 IST" name="initPages" finished-at="2025-10-06T17:00:16 IST" duration-ms="49" status="PASS">
          <reporter-output>
          </reporter-output>
        </test-method> <!-- initPages -->
        <test-method signature="validateTraineeCanMarkFormForReview()[pri:0, instance:tests.CommandUpGradeSLFTest@10163d6]" started-at="2025-10-06T17:00:16 IST" name="validateTraineeCanMarkFormForReview" description="Validate trainee can mark the submitted form for review" finished-at="2025-10-06T17:02:30 IST" duration-ms="133389" status="PASS">
          <reporter-output>
          </reporter-output>
        </test-method> <!-- validateTraineeCanMarkFormForReview -->
        <test-method is-config="true" signature="tearDown(org.testng.ITestResult)[pri:0, instance:tests.CommandUpGradeSLFTest@10163d6]" started-at="2025-10-06T17:02:30 IST" name="tearDown" finished-at="2025-10-06T17:02:30 IST" duration-ms="593" status="PASS">
          <params>
            <param index="0">
              <value>
                <![CDATA[[TestResult name=validateTraineeCanMarkFormForReview status=SUCCESS method=CommandUpGradeSLFTest.validateTraineeCanMarkFormForReview()[pri:0, instance:tests.CommandUpGradeSLFTest@10163d6] output={null}]]]>
              </value>
            </param>
          </params>
          <reporter-output>
          </reporter-output>
        </test-method> <!-- tearDown -->
        <test-method is-config="true" signature="tearDownExtent()[pri:0, instance:tests.CommandUpGradeSLFTest@10163d6]" started-at="2025-10-06T17:02:30 IST" name="tearDownExtent" finished-at="2025-10-06T17:02:30 IST" duration-ms="189" status="PASS">
          <reporter-output>
          </reporter-output>
        </test-method> <!-- tearDownExtent -->
      </class> <!-- tests.CommandUpGradeSLFTest -->
    </test> <!-- Default test -->
  </suite> <!-- Default suite -->
</testng-results>
