<?xml version="1.0" encoding="UTF-8"?>
<testng-results ignored="28" total="29" passed="1" failed="0" skipped="0">
  <reporter-output>
  </reporter-output>
  <suite started-at="2025-10-23T19:01:41 IST" name="Default suite" finished-at="2025-10-23T19:04:04 IST" duration-ms="143492">
    <groups>
    </groups>
    <test started-at="2025-10-23T19:01:41 IST" name="Default test" finished-at="2025-10-23T19:04:04 IST" duration-ms="143492">
      <class name="tests.CA40Test">
        <test-method is-config="true" signature="setUpExtent()[pri:0, instance:tests.CA40Test@79d8407f]" started-at="2025-10-23T19:01:41 IST" name="setUpExtent" finished-at="2025-10-23T19:01:41 IST" duration-ms="191" status="PASS">
          <reporter-output>
          </reporter-output>
        </test-method> <!-- setUpExtent -->
        <test-method is-config="true" signature="setUp(java.lang.String,java.lang.String)[pri:0, instance:tests.CA40Test@79d8407f]" started-at="2025-10-23T19:01:41 IST" name="setUp" finished-at="2025-10-23T19:01:51 IST" duration-ms="9719" status="PASS">
          <params>
            <param index="0">
              <value>
                <![CDATA[chrome]]>
              </value>
            </param>
            <param index="1">
              <value>
                <![CDATA[false]]>
              </value>
            </param>
          </params>
          <reporter-output>
          </reporter-output>
        </test-method> <!-- setUp -->
        <test-method is-config="true" signature="initPages()[pri:0, instance:tests.CA40Test@79d8407f]" started-at="2025-10-23T19:01:51 IST" name="initPages" finished-at="2025-10-23T19:01:51 IST" duration-ms="71" status="PASS">
          <reporter-output>
          </reporter-output>
        </test-method> <!-- initPages -->
        <test-method signature="validateAdminCanMarkForReviewWithComments()[pri:0, instance:tests.CA40Test@79d8407f]" started-at="2025-10-23T19:01:51 IST" name="validateAdminCanMarkForReviewWithComments" description="Validate admin can mark for review with adding comments" finished-at="2025-10-23T19:04:04 IST" duration-ms="132995" status="PASS">
          <reporter-output>
          </reporter-output>
        </test-method> <!-- validateAdminCanMarkForReviewWithComments -->
        <test-method is-config="true" signature="tearDown(org.testng.ITestResult)[pri:0, instance:tests.CA40Test@79d8407f]" started-at="2025-10-23T19:04:04 IST" name="tearDown" finished-at="2025-10-23T19:04:04 IST" duration-ms="681" status="PASS">
          <params>
            <param index="0">
              <value>
                <![CDATA[[TestResult name=validateAdminCanMarkForReviewWithComments status=SUCCESS method=CA40Test.validateAdminCanMarkForReviewWithComments()[pri:0, instance:tests.CA40Test@79d8407f] output={null}]]]>
              </value>
            </param>
          </params>
          <reporter-output>
          </reporter-output>
        </test-method> <!-- tearDown -->
        <test-method is-config="true" signature="tearDownExtent()[pri:0, instance:tests.CA40Test@79d8407f]" started-at="2025-10-23T19:04:04 IST" name="tearDownExtent" finished-at="2025-10-23T19:04:05 IST" duration-ms="183" status="PASS">
          <reporter-output>
          </reporter-output>
        </test-method> <!-- tearDownExtent -->
      </class> <!-- tests.CA40Test -->
    </test> <!-- Default test -->
  </suite> <!-- Default suite -->
</testng-results>
